08/21/2015 12:02:30 :System.IO.FileNotFoundException: Não foi possível localizar o arquivo 'C:\Users\cribeiro.SAOPAULO\Desktop\nfce-Sat-master\SatServerAppContingenciaConsole\bin\Debug\AppConfig.xml'.
Nome do arquivo: 'C:\Users\cribeiro.SAOPAULO\Desktop\nfce-Sat-master\SatServerAppContingenciaConsole\bin\Debug\AppConfig.xml'
   em System.IO.__Error.WinIOError(Int32 errorCode, String maybeFullPath)
   em System.IO.FileStream.Init(String path, FileMode mode, FileAccess access, Int32 rights, Boolean useRights, FileShare share, Int32 bufferSize, FileOptions options, SECURITY_ATTRIBUTES secAttrs, String msgPath, Boolean bFromProxy, Boolean useLongPath, Boolean checkHost)
   em System.IO.FileStream..ctor(String path, FileMode mode, FileAccess access, FileShare share, Int32 bufferSize, FileOptions options, String msgPath, Boolean bFromProxy, Boolean useLongPath, Boolean checkHost)
   em System.IO.StreamReader..ctor(String path, Encoding encoding, Boolean detectEncodingFromByteOrderMarks, Int32 bufferSize, Boolean checkHost)
   em System.IO.StreamReader..ctor(String path)
   em Utils.ReadConfigure.GetConfig() na C:\Users\cribeiro.SAOPAULO\Desktop\nfce-Sat-master\Utils\XmlConfigure.cs:linha 67
08/21/2015 12:02:30 :System.Exception: System.IO.FileNotFoundException: Não foi possível localizar o arquivo 'C:\Users\cribeiro.SAOPAULO\Desktop\nfce-Sat-master\SatServerAppContingenciaConsole\bin\Debug\AppConfig.xml'.
Nome do arquivo: 'C:\Users\cribeiro.SAOPAULO\Desktop\nfce-Sat-master\SatServerAppContingenciaConsole\bin\Debug\AppConfig.xml'
   em System.IO.__Error.WinIOError(Int32 errorCode, String maybeFullPath)
   em System.IO.FileStream.Init(String path, FileMode mode, FileAccess access, Int32 rights, Boolean useRights, FileShare share, Int32 bufferSize, FileOptions options, SECURITY_ATTRIBUTES secAttrs, String msgPath, Boolean bFromProxy, Boolean useLongPath, Boolean checkHost)
   em System.IO.FileStream..ctor(String path, FileMode mode, FileAccess access, FileShare share, Int32 bufferSize, FileOptions options, String msgPath, Boolean bFromProxy, Boolean useLongPath, Boolean checkHost)
   em System.IO.StreamReader..ctor(String path, Encoding encoding, Boolean detectEncodingFromByteOrderMarks, Int32 bufferSize, Boolean checkHost)
   em System.IO.StreamReader..ctor(String path)
   em Utils.ReadConfigure.GetConfig() na C:\Users\cribeiro.SAOPAULO\Desktop\nfce-Sat-master\Utils\XmlConfigure.cs:linha 67
   em Utils.ReadConfigure.GetConfig() na C:\Users\cribeiro.SAOPAULO\Desktop\nfce-Sat-master\Utils\XmlConfigure.cs:linha 107
   em invoiceServerApp.managers..ctor() na C:\Users\cribeiro.SAOPAULO\Desktop\nfce-Sat-master\SatServerAppContigencia\managers.cs:linha 33
08/21/2015 12:03:41 :System.IO.FileNotFoundException: Não foi possível localizar o arquivo 'C:\Users\cribeiro.SAOPAULO\Desktop\nfce-Sat-master\SatServerAppContingenciaConsole\bin\Debug\AppConfig.xml'.
Nome do arquivo: 'C:\Users\cribeiro.SAOPAULO\Desktop\nfce-Sat-master\SatServerAppContingenciaConsole\bin\Debug\AppConfig.xml'
   em System.IO.__Error.WinIOError(Int32 errorCode, String maybeFullPath)
   em System.IO.FileStream.Init(String path, FileMode mode, FileAccess access, Int32 rights, Boolean useRights, FileShare share, Int32 bufferSize, FileOptions options, SECURITY_ATTRIBUTES secAttrs, String msgPath, Boolean bFromProxy, Boolean useLongPath, Boolean checkHost)
   em System.IO.FileStream..ctor(String path, FileMode mode, FileAccess access, FileShare share, Int32 bufferSize, FileOptions options, String msgPath, Boolean bFromProxy, Boolean useLongPath, Boolean checkHost)
   em System.IO.StreamReader..ctor(String path, Encoding encoding, Boolean detectEncodingFromByteOrderMarks, Int32 bufferSize, Boolean checkHost)
   em System.IO.StreamReader..ctor(String path)
   em Utils.ReadConfigure.GetConfig() na C:\Users\cribeiro.SAOPAULO\Desktop\nfce-Sat-master\Utils\XmlConfigure.cs:linha 67
08/21/2015 12:03:41 :System.Exception: System.IO.FileNotFoundException: Não foi possível localizar o arquivo 'C:\Users\cribeiro.SAOPAULO\Desktop\nfce-Sat-master\SatServerAppContingenciaConsole\bin\Debug\AppConfig.xml'.
Nome do arquivo: 'C:\Users\cribeiro.SAOPAULO\Desktop\nfce-Sat-master\SatServerAppContingenciaConsole\bin\Debug\AppConfig.xml'
   em System.IO.__Error.WinIOError(Int32 errorCode, String maybeFullPath)
   em System.IO.FileStream.Init(String path, FileMode mode, FileAccess access, Int32 rights, Boolean useRights, FileShare share, Int32 bufferSize, FileOptions options, SECURITY_ATTRIBUTES secAttrs, String msgPath, Boolean bFromProxy, Boolean useLongPath, Boolean checkHost)
   em System.IO.FileStream..ctor(String path, FileMode mode, FileAccess access, FileShare share, Int32 bufferSize, FileOptions options, String msgPath, Boolean bFromProxy, Boolean useLongPath, Boolean checkHost)
   em System.IO.StreamReader..ctor(String path, Encoding encoding, Boolean detectEncodingFromByteOrderMarks, Int32 bufferSize, Boolean checkHost)
   em System.IO.StreamReader..ctor(String path)
   em Utils.ReadConfigure.GetConfig() na C:\Users\cribeiro.SAOPAULO\Desktop\nfce-Sat-master\Utils\XmlConfigure.cs:linha 67
   em Utils.ReadConfigure.GetConfig() na C:\Users\cribeiro.SAOPAULO\Desktop\nfce-Sat-master\Utils\XmlConfigure.cs:linha 107
   em invoiceServerApp.managers..ctor() na C:\Users\cribeiro.SAOPAULO\Desktop\nfce-Sat-master\SatServerAppContigencia\managers.cs:linha 33
08/21/2015 12:09:18 :System.IO.FileNotFoundException: Não foi possível localizar o arquivo 'C:\Users\cribeiro.SAOPAULO\Desktop\nfce-Sat-master\SatServerAppContingenciaConsole\bin\Debug\AppConfig.xml'.
Nome do arquivo: 'C:\Users\cribeiro.SAOPAULO\Desktop\nfce-Sat-master\SatServerAppContingenciaConsole\bin\Debug\AppConfig.xml'
   em System.IO.__Error.WinIOError(Int32 errorCode, String maybeFullPath)
   em System.IO.FileStream.Init(String path, FileMode mode, FileAccess access, Int32 rights, Boolean useRights, FileShare share, Int32 bufferSize, FileOptions options, SECURITY_ATTRIBUTES secAttrs, String msgPath, Boolean bFromProxy, Boolean useLongPath, Boolean checkHost)
   em System.IO.FileStream..ctor(String path, FileMode mode, FileAccess access, FileShare share, Int32 bufferSize, FileOptions options, String msgPath, Boolean bFromProxy, Boolean useLongPath, Boolean checkHost)
   em System.IO.StreamReader..ctor(String path, Encoding encoding, Boolean detectEncodingFromByteOrderMarks, Int32 bufferSize, Boolean checkHost)
   em System.IO.StreamReader..ctor(String path)
   em Utils.ReadConfigure.GetConfig() na C:\Users\cribeiro.SAOPAULO\Desktop\nfce-Sat-master\Utils\XmlConfigure.cs:linha 67
08/21/2015 12:09:18 :System.Exception: System.IO.FileNotFoundException: Não foi possível localizar o arquivo 'C:\Users\cribeiro.SAOPAULO\Desktop\nfce-Sat-master\SatServerAppContingenciaConsole\bin\Debug\AppConfig.xml'.
Nome do arquivo: 'C:\Users\cribeiro.SAOPAULO\Desktop\nfce-Sat-master\SatServerAppContingenciaConsole\bin\Debug\AppConfig.xml'
   em System.IO.__Error.WinIOError(Int32 errorCode, String maybeFullPath)
   em System.IO.FileStream.Init(String path, FileMode mode, FileAccess access, Int32 rights, Boolean useRights, FileShare share, Int32 bufferSize, FileOptions options, SECURITY_ATTRIBUTES secAttrs, String msgPath, Boolean bFromProxy, Boolean useLongPath, Boolean checkHost)
   em System.IO.FileStream..ctor(String path, FileMode mode, FileAccess access, FileShare share, Int32 bufferSize, FileOptions options, String msgPath, Boolean bFromProxy, Boolean useLongPath, Boolean checkHost)
   em System.IO.StreamReader..ctor(String path, Encoding encoding, Boolean detectEncodingFromByteOrderMarks, Int32 bufferSize, Boolean checkHost)
   em System.IO.StreamReader..ctor(String path)
   em Utils.ReadConfigure.GetConfig() na C:\Users\cribeiro.SAOPAULO\Desktop\nfce-Sat-master\Utils\XmlConfigure.cs:linha 67
   em Utils.ReadConfigure.GetConfig() na C:\Users\cribeiro.SAOPAULO\Desktop\nfce-Sat-master\Utils\XmlConfigure.cs:linha 107
   em invoiceServerApp.managers..ctor() na C:\Users\cribeiro.SAOPAULO\Desktop\nfce-Sat-master\SatServerAppContigencia\managers.cs:linha 33
08/21/2015 12:10:36 :System.IO.FileNotFoundException: Não foi possível localizar o arquivo 'C:\Users\cribeiro.SAOPAULO\Desktop\nfce-Sat-master\SatServerAppContingenciaConsole\bin\Debug\AppConfig.xml'.
Nome do arquivo: 'C:\Users\cribeiro.SAOPAULO\Desktop\nfce-Sat-master\SatServerAppContingenciaConsole\bin\Debug\AppConfig.xml'
   em System.IO.__Error.WinIOError(Int32 errorCode, String maybeFullPath)
   em System.IO.FileStream.Init(String path, FileMode mode, FileAccess access, Int32 rights, Boolean useRights, FileShare share, Int32 bufferSize, FileOptions options, SECURITY_ATTRIBUTES secAttrs, String msgPath, Boolean bFromProxy, Boolean useLongPath, Boolean checkHost)
   em System.IO.FileStream..ctor(String path, FileMode mode, FileAccess access, FileShare share, Int32 bufferSize, FileOptions options, String msgPath, Boolean bFromProxy, Boolean useLongPath, Boolean checkHost)
   em System.IO.StreamReader..ctor(String path, Encoding encoding, Boolean detectEncodingFromByteOrderMarks, Int32 bufferSize, Boolean checkHost)
   em System.IO.StreamReader..ctor(String path)
   em Utils.ReadConfigure.GetConfig() na C:\Users\cribeiro.SAOPAULO\Desktop\nfce-Sat-master\Utils\XmlConfigure.cs:linha 67
08/21/2015 12:11:27 :Instance SAT
08/21/2015 12:11:27 :SetConfig SAT
08/21/2015 12:11:42 :Instance SAT
08/21/2015 12:11:42 :SetConfig SAT
08/21/2015 12:12:06 :Instance SAT
08/21/2015 12:12:06 :SetConfig SAT
08/21/2015 12:13:36 :Instance SAT
08/21/2015 12:13:36 :SetConfig SAT
