12/05/2015 13:44:35 :   em EnviaSeFaz.EnviaNfceRJ.ConsultarNfce() na E:\dev\MICROS BRAZIL\FI\IFCFiscal.Micros\RES\SAT-Cf-e 3700\SRC\SAT 5\SAT 4\NFCE-SAT\EnviaSeFaz\EnviaNfceRJ.cs:linha 260
12/05/2015 13:44:45 :   em EnviaSeFaz.EnviaNfceRJ.envia() na E:\dev\MICROS BRAZIL\FI\IFCFiscal.Micros\RES\SAT-Cf-e 3700\SRC\SAT 5\SAT 4\NFCE-SAT\EnviaSeFaz\EnviaNfceRJ.cs:linha 164
12/05/2015 13:44:55 :   em EnviaSeFaz.EnviaNfceRJ.envia() na E:\dev\MICROS BRAZIL\FI\IFCFiscal.Micros\RES\SAT-Cf-e 3700\SRC\SAT 5\SAT 4\NFCE-SAT\EnviaSeFaz\EnviaNfceRJ.cs:linha 164
12/05/2015 13:45:19 :   em EnviaSeFaz.EnviaNfceRJ.envia() na E:\dev\MICROS BRAZIL\FI\IFCFiscal.Micros\RES\SAT-Cf-e 3700\SRC\SAT 5\SAT 4\NFCE-SAT\EnviaSeFaz\EnviaNfceRJ.cs:linha 164
12/05/2015 13:45:26 :   em EnviaSeFaz.EnviaNfceRJ.envia() na E:\dev\MICROS BRAZIL\FI\IFCFiscal.Micros\RES\SAT-Cf-e 3700\SRC\SAT 5\SAT 4\NFCE-SAT\EnviaSeFaz\EnviaNfceRJ.cs:linha 164
12/05/2015 13:45:32 :   em EnviaSeFaz.EnviaNfceRJ.envia() na E:\dev\MICROS BRAZIL\FI\IFCFiscal.Micros\RES\SAT-Cf-e 3700\SRC\SAT 5\SAT 4\NFCE-SAT\EnviaSeFaz\EnviaNfceRJ.cs:linha 164
12/05/2015 13:45:38 :   em EnviaSeFaz.EnviaNfceRJ.envia() na E:\dev\MICROS BRAZIL\FI\IFCFiscal.Micros\RES\SAT-Cf-e 3700\SRC\SAT 5\SAT 4\NFCE-SAT\EnviaSeFaz\EnviaNfceRJ.cs:linha 164
12/05/2015 13:45:45 :   em EnviaSeFaz.EnviaNfceRJ.envia() na E:\dev\MICROS BRAZIL\FI\IFCFiscal.Micros\RES\SAT-Cf-e 3700\SRC\SAT 5\SAT 4\NFCE-SAT\EnviaSeFaz\EnviaNfceRJ.cs:linha 164
12/05/2015 13:45:47 :   em EnviaSeFaz.EnviaNfceRJ.envia() na E:\dev\MICROS BRAZIL\FI\IFCFiscal.Micros\RES\SAT-Cf-e 3700\SRC\SAT 5\SAT 4\NFCE-SAT\EnviaSeFaz\EnviaNfceRJ.cs:linha 164
12/05/2015 13:45:48 :   em EnviaSeFaz.EnviaNfceRJ.envia() na E:\dev\MICROS BRAZIL\FI\IFCFiscal.Micros\RES\SAT-Cf-e 3700\SRC\SAT 5\SAT 4\NFCE-SAT\EnviaSeFaz\EnviaNfceRJ.cs:linha 164
12/05/2015 13:45:51 :   em EnviaSeFaz.EnviaNfceRJ.envia() na E:\dev\MICROS BRAZIL\FI\IFCFiscal.Micros\RES\SAT-Cf-e 3700\SRC\SAT 5\SAT 4\NFCE-SAT\EnviaSeFaz\EnviaNfceRJ.cs:linha 164
12/05/2015 13:45:54 :   em EnviaSeFaz.EnviaNfceRJ.envia() na E:\dev\MICROS BRAZIL\FI\IFCFiscal.Micros\RES\SAT-Cf-e 3700\SRC\SAT 5\SAT 4\NFCE-SAT\EnviaSeFaz\EnviaNfceRJ.cs:linha 164
12/05/2015 13:45:56 :   em EnviaSeFaz.EnviaNfceRJ.envia() na E:\dev\MICROS BRAZIL\FI\IFCFiscal.Micros\RES\SAT-Cf-e 3700\SRC\SAT 5\SAT 4\NFCE-SAT\EnviaSeFaz\EnviaNfceRJ.cs:linha 164
12/05/2015 13:45:58 :   em EnviaSeFaz.EnviaNfceRJ.envia() na E:\dev\MICROS BRAZIL\FI\IFCFiscal.Micros\RES\SAT-Cf-e 3700\SRC\SAT 5\SAT 4\NFCE-SAT\EnviaSeFaz\EnviaNfceRJ.cs:linha 164
12/05/2015 13:46:00 :   em EnviaSeFaz.EnviaNfceRJ.envia() na E:\dev\MICROS BRAZIL\FI\IFCFiscal.Micros\RES\SAT-Cf-e 3700\SRC\SAT 5\SAT 4\NFCE-SAT\EnviaSeFaz\EnviaNfceRJ.cs:linha 164
12/05/2015 13:46:01 :   em EnviaSeFaz.EnviaNfceRJ.envia() na E:\dev\MICROS BRAZIL\FI\IFCFiscal.Micros\RES\SAT-Cf-e 3700\SRC\SAT 5\SAT 4\NFCE-SAT\EnviaSeFaz\EnviaNfceRJ.cs:linha 164
12/05/2015 13:46:04 :   em EnviaSeFaz.EnviaNfceRJ.envia() na E:\dev\MICROS BRAZIL\FI\IFCFiscal.Micros\RES\SAT-Cf-e 3700\SRC\SAT 5\SAT 4\NFCE-SAT\EnviaSeFaz\EnviaNfceRJ.cs:linha 164
12/05/2015 13:46:06 :   em EnviaSeFaz.EnviaNfceRJ.envia() na E:\dev\MICROS BRAZIL\FI\IFCFiscal.Micros\RES\SAT-Cf-e 3700\SRC\SAT 5\SAT 4\NFCE-SAT\EnviaSeFaz\EnviaNfceRJ.cs:linha 164
12/05/2015 13:46:07 :   em EnviaSeFaz.EnviaNfceRJ.envia() na E:\dev\MICROS BRAZIL\FI\IFCFiscal.Micros\RES\SAT-Cf-e 3700\SRC\SAT 5\SAT 4\NFCE-SAT\EnviaSeFaz\EnviaNfceRJ.cs:linha 164
12/05/2015 13:46:09 :   em EnviaSeFaz.EnviaNfceRJ.envia() na E:\dev\MICROS BRAZIL\FI\IFCFiscal.Micros\RES\SAT-Cf-e 3700\SRC\SAT 5\SAT 4\NFCE-SAT\EnviaSeFaz\EnviaNfceRJ.cs:linha 164
12/05/2015 13:46:10 :   em EnviaSeFaz.EnviaNfceRJ.envia() na E:\dev\MICROS BRAZIL\FI\IFCFiscal.Micros\RES\SAT-Cf-e 3700\SRC\SAT 5\SAT 4\NFCE-SAT\EnviaSeFaz\EnviaNfceRJ.cs:linha 164
12/05/2015 13:46:11 :   em EnviaSeFaz.EnviaNfceRJ.envia() na E:\dev\MICROS BRAZIL\FI\IFCFiscal.Micros\RES\SAT-Cf-e 3700\SRC\SAT 5\SAT 4\NFCE-SAT\EnviaSeFaz\EnviaNfceRJ.cs:linha 164
12/05/2015 13:46:13 :   em EnviaSeFaz.EnviaNfceRJ.envia() na E:\dev\MICROS BRAZIL\FI\IFCFiscal.Micros\RES\SAT-Cf-e 3700\SRC\SAT 5\SAT 4\NFCE-SAT\EnviaSeFaz\EnviaNfceRJ.cs:linha 164
12/05/2015 18:50:19 :   em EnviaSeFaz.EnviaNfcePR.envia() na E:\dev\MICROS BRAZIL\FI\IFCFiscal.Micros\RES\SAT-Cf-e 3700\SRC\SAT 5\SAT 4\NFCE-SAT\EnviaSeFaz\EnviaNFCePR.cs:linha 165
12/05/2015 18:51:28 :   em EnviaSeFaz.EnviaNfcePR.envia() na E:\dev\MICROS BRAZIL\FI\IFCFiscal.Micros\RES\SAT-Cf-e 3700\SRC\SAT 5\SAT 4\NFCE-SAT\EnviaSeFaz\EnviaNFCePR.cs:linha 165
12/05/2015 18:53:08 :   em EnviaSeFaz.EnviaNfcePR.envia() na E:\dev\MICROS BRAZIL\FI\IFCFiscal.Micros\RES\SAT-Cf-e 3700\SRC\SAT 5\SAT 4\NFCE-SAT\EnviaSeFaz\EnviaNFCePR.cs:linha 165
12/05/2015 18:53:42 :   em EnviaSeFaz.EnviaNfcePR.envia() na E:\dev\MICROS BRAZIL\FI\IFCFiscal.Micros\RES\SAT-Cf-e 3700\SRC\SAT 5\SAT 4\NFCE-SAT\EnviaSeFaz\EnviaNFCePR.cs:linha 165
12/05/2015 18:54:58 :   em EnviaSeFaz.EnviaNfcePR.envia() na E:\dev\MICROS BRAZIL\FI\IFCFiscal.Micros\RES\SAT-Cf-e 3700\SRC\SAT 5\SAT 4\NFCE-SAT\EnviaSeFaz\EnviaNFCePR.cs:linha 165
12/05/2015 18:56:19 :   em EnviaSeFaz.EnviaNfcePR.ConsultarNfce() na E:\dev\MICROS BRAZIL\FI\IFCFiscal.Micros\RES\SAT-Cf-e 3700\SRC\SAT 5\SAT 4\NFCE-SAT\EnviaSeFaz\EnviaNFCePR.cs:linha 256
12/05/2015 18:56:49 :   em EnviaSeFaz.EnviaNfcePR.envia() na E:\dev\MICROS BRAZIL\FI\IFCFiscal.Micros\RES\SAT-Cf-e 3700\SRC\SAT 5\SAT 4\NFCE-SAT\EnviaSeFaz\EnviaNFCePR.cs:linha 165
12/05/2015 18:57:22 :   em EnviaSeFaz.EnviaNfcePR.envia() na E:\dev\MICROS BRAZIL\FI\IFCFiscal.Micros\RES\SAT-Cf-e 3700\SRC\SAT 5\SAT 4\NFCE-SAT\EnviaSeFaz\EnviaNFCePR.cs:linha 165
12/05/2015 18:58:37 :   em EnviaSeFaz.EnviaNfcePR.ConsultarNfce() na E:\dev\MICROS BRAZIL\FI\IFCFiscal.Micros\RES\SAT-Cf-e 3700\SRC\SAT 5\SAT 4\NFCE-SAT\EnviaSeFaz\EnviaNFCePR.cs:linha 256
12/05/2015 18:58:39 :   em EnviaSeFaz.EnviaNfcePR.envia() na E:\dev\MICROS BRAZIL\FI\IFCFiscal.Micros\RES\SAT-Cf-e 3700\SRC\SAT 5\SAT 4\NFCE-SAT\EnviaSeFaz\EnviaNFCePR.cs:linha 165
12/05/2015 18:58:46 :   em EnviaSeFaz.EnviaNfcePR.envia() na E:\dev\MICROS BRAZIL\FI\IFCFiscal.Micros\RES\SAT-Cf-e 3700\SRC\SAT 5\SAT 4\NFCE-SAT\EnviaSeFaz\EnviaNFCePR.cs:linha 165
12/05/2015 18:59:20 :   em EnviaSeFaz.EnviaNfcePR.ConsultarNfce() na E:\dev\MICROS BRAZIL\FI\IFCFiscal.Micros\RES\SAT-Cf-e 3700\SRC\SAT 5\SAT 4\NFCE-SAT\EnviaSeFaz\EnviaNFCePR.cs:linha 256
12/05/2015 18:59:44 :   em EnviaSeFaz.EnviaNfcePR.ConsultarNfce() na E:\dev\MICROS BRAZIL\FI\IFCFiscal.Micros\RES\SAT-Cf-e 3700\SRC\SAT 5\SAT 4\NFCE-SAT\EnviaSeFaz\EnviaNFCePR.cs:linha 256
12/05/2015 18:59:58 :   em EnviaSeFaz.EnviaNfcePR.envia() na E:\dev\MICROS BRAZIL\FI\IFCFiscal.Micros\RES\SAT-Cf-e 3700\SRC\SAT 5\SAT 4\NFCE-SAT\EnviaSeFaz\EnviaNFCePR.cs:linha 165
12/05/2015 19:00:24 :   em EnviaSeFaz.EnviaNfcePR.envia() na E:\dev\MICROS BRAZIL\FI\IFCFiscal.Micros\RES\SAT-Cf-e 3700\SRC\SAT 5\SAT 4\NFCE-SAT\EnviaSeFaz\EnviaNFCePR.cs:linha 165
12/05/2015 19:00:38 :   em EnviaSeFaz.EnviaNfcePR.envia() na E:\dev\MICROS BRAZIL\FI\IFCFiscal.Micros\RES\SAT-Cf-e 3700\SRC\SAT 5\SAT 4\NFCE-SAT\EnviaSeFaz\EnviaNFCePR.cs:linha 165
12/05/2015 19:01:22 :   em EnviaSeFaz.EnviaNfcePR.ConsultarNfce() na E:\dev\MICROS BRAZIL\FI\IFCFiscal.Micros\RES\SAT-Cf-e 3700\SRC\SAT 5\SAT 4\NFCE-SAT\EnviaSeFaz\EnviaNFCePR.cs:linha 256
12/05/2015 19:01:26 :   em EnviaSeFaz.EnviaNfcePR.ConsultarNfce() na E:\dev\MICROS BRAZIL\FI\IFCFiscal.Micros\RES\SAT-Cf-e 3700\SRC\SAT 5\SAT 4\NFCE-SAT\EnviaSeFaz\EnviaNFCePR.cs:linha 256
12/05/2015 19:01:26 :   em EnviaSeFaz.EnviaNfcePR.ConsultarNfce() na E:\dev\MICROS BRAZIL\FI\IFCFiscal.Micros\RES\SAT-Cf-e 3700\SRC\SAT 5\SAT 4\NFCE-SAT\EnviaSeFaz\EnviaNFCePR.cs:linha 256
12/05/2015 19:01:27 :   em EnviaSeFaz.EnviaNfcePR.ConsultarNfce() na E:\dev\MICROS BRAZIL\FI\IFCFiscal.Micros\RES\SAT-Cf-e 3700\SRC\SAT 5\SAT 4\NFCE-SAT\EnviaSeFaz\EnviaNFCePR.cs:linha 256
12/05/2015 19:01:50 :   em EnviaSeFaz.EnviaNfcePR.ConsultarNfce() na E:\dev\MICROS BRAZIL\FI\IFCFiscal.Micros\RES\SAT-Cf-e 3700\SRC\SAT 5\SAT 4\NFCE-SAT\EnviaSeFaz\EnviaNFCePR.cs:linha 256
12/05/2015 19:01:56 :   em EnviaSeFaz.EnviaNfcePR.envia() na E:\dev\MICROS BRAZIL\FI\IFCFiscal.Micros\RES\SAT-Cf-e 3700\SRC\SAT 5\SAT 4\NFCE-SAT\EnviaSeFaz\EnviaNFCePR.cs:linha 165
12/05/2015 19:01:58 :   em EnviaSeFaz.EnviaNfcePR.envia() na E:\dev\MICROS BRAZIL\FI\IFCFiscal.Micros\RES\SAT-Cf-e 3700\SRC\SAT 5\SAT 4\NFCE-SAT\EnviaSeFaz\EnviaNFCePR.cs:linha 165
12/05/2015 19:01:59 :   em EnviaSeFaz.EnviaNfcePR.envia() na E:\dev\MICROS BRAZIL\FI\IFCFiscal.Micros\RES\SAT-Cf-e 3700\SRC\SAT 5\SAT 4\NFCE-SAT\EnviaSeFaz\EnviaNFCePR.cs:linha 165
12/05/2015 19:02:04 :   em EnviaSeFaz.EnviaNfcePR.envia() na E:\dev\MICROS BRAZIL\FI\IFCFiscal.Micros\RES\SAT-Cf-e 3700\SRC\SAT 5\SAT 4\NFCE-SAT\EnviaSeFaz\EnviaNFCePR.cs:linha 165
12/05/2015 19:04:42 :   em EnviaSeFaz.EnviaNfcePR.envia() na E:\dev\MICROS BRAZIL\FI\IFCFiscal.Micros\RES\SAT-Cf-e 3700\SRC\SAT 5\SAT 4\NFCE-SAT\EnviaSeFaz\EnviaNFCePR.cs:linha 165
12/05/2015 19:05:05 :   em EnviaSeFaz.EnviaNfcePR.ConsultarNfce() na E:\dev\MICROS BRAZIL\FI\IFCFiscal.Micros\RES\SAT-Cf-e 3700\SRC\SAT 5\SAT 4\NFCE-SAT\EnviaSeFaz\EnviaNFCePR.cs:linha 256
12/05/2015 19:05:11 :   em EnviaSeFaz.EnviaNfcePR.envia() na E:\dev\MICROS BRAZIL\FI\IFCFiscal.Micros\RES\SAT-Cf-e 3700\SRC\SAT 5\SAT 4\NFCE-SAT\EnviaSeFaz\EnviaNFCePR.cs:linha 165
12/05/2015 19:12:57 :   em EnviaSeFaz.EnviaNfcePR.envia() na E:\dev\MICROS BRAZIL\FI\IFCFiscal.Micros\RES\SAT-Cf-e 3700\SRC\SAT 5\SAT 4\NFCE-SAT\EnviaSeFaz\EnviaNFCePR.cs:linha 165
12/05/2015 19:13:11 :   em EnviaSeFaz.EnviaNfcePR.envia() na E:\dev\MICROS BRAZIL\FI\IFCFiscal.Micros\RES\SAT-Cf-e 3700\SRC\SAT 5\SAT 4\NFCE-SAT\EnviaSeFaz\EnviaNFCePR.cs:linha 165
12/05/2015 19:13:15 :   em EnviaSeFaz.EnviaNfcePR.envia() na E:\dev\MICROS BRAZIL\FI\IFCFiscal.Micros\RES\SAT-Cf-e 3700\SRC\SAT 5\SAT 4\NFCE-SAT\EnviaSeFaz\EnviaNFCePR.cs:linha 165
12/05/2015 19:13:23 :   em EnviaSeFaz.EnviaNfcePR.envia() na E:\dev\MICROS BRAZIL\FI\IFCFiscal.Micros\RES\SAT-Cf-e 3700\SRC\SAT 5\SAT 4\NFCE-SAT\EnviaSeFaz\EnviaNFCePR.cs:linha 165
12/05/2015 19:13:27 :   em EnviaSeFaz.EnviaNfcePR.envia() na E:\dev\MICROS BRAZIL\FI\IFCFiscal.Micros\RES\SAT-Cf-e 3700\SRC\SAT 5\SAT 4\NFCE-SAT\EnviaSeFaz\EnviaNFCePR.cs:linha 165
12/05/2015 19:13:32 :   em EnviaSeFaz.EnviaNfcePR.envia() na E:\dev\MICROS BRAZIL\FI\IFCFiscal.Micros\RES\SAT-Cf-e 3700\SRC\SAT 5\SAT 4\NFCE-SAT\EnviaSeFaz\EnviaNFCePR.cs:linha 165
12/05/2015 19:13:34 :   em EnviaSeFaz.EnviaNfcePR.envia() na E:\dev\MICROS BRAZIL\FI\IFCFiscal.Micros\RES\SAT-Cf-e 3700\SRC\SAT 5\SAT 4\NFCE-SAT\EnviaSeFaz\EnviaNFCePR.cs:linha 165
12/05/2015 19:13:36 :   em EnviaSeFaz.EnviaNfcePR.envia() na E:\dev\MICROS BRAZIL\FI\IFCFiscal.Micros\RES\SAT-Cf-e 3700\SRC\SAT 5\SAT 4\NFCE-SAT\EnviaSeFaz\EnviaNFCePR.cs:linha 165
12/05/2015 19:13:37 :   em EnviaSeFaz.EnviaNfcePR.envia() na E:\dev\MICROS BRAZIL\FI\IFCFiscal.Micros\RES\SAT-Cf-e 3700\SRC\SAT 5\SAT 4\NFCE-SAT\EnviaSeFaz\EnviaNFCePR.cs:linha 165
12/05/2015 19:13:38 :   em EnviaSeFaz.EnviaNfcePR.envia() na E:\dev\MICROS BRAZIL\FI\IFCFiscal.Micros\RES\SAT-Cf-e 3700\SRC\SAT 5\SAT 4\NFCE-SAT\EnviaSeFaz\EnviaNFCePR.cs:linha 165
12/05/2015 19:13:39 :   em EnviaSeFaz.EnviaNfcePR.envia() na E:\dev\MICROS BRAZIL\FI\IFCFiscal.Micros\RES\SAT-Cf-e 3700\SRC\SAT 5\SAT 4\NFCE-SAT\EnviaSeFaz\EnviaNFCePR.cs:linha 165
12/05/2015 19:13:41 :   em EnviaSeFaz.EnviaNfcePR.envia() na E:\dev\MICROS BRAZIL\FI\IFCFiscal.Micros\RES\SAT-Cf-e 3700\SRC\SAT 5\SAT 4\NFCE-SAT\EnviaSeFaz\EnviaNFCePR.cs:linha 165
12/05/2015 19:13:42 :   em EnviaSeFaz.EnviaNfcePR.envia() na E:\dev\MICROS BRAZIL\FI\IFCFiscal.Micros\RES\SAT-Cf-e 3700\SRC\SAT 5\SAT 4\NFCE-SAT\EnviaSeFaz\EnviaNFCePR.cs:linha 165
12/05/2015 19:13:43 :   em EnviaSeFaz.EnviaNfcePR.envia() na E:\dev\MICROS BRAZIL\FI\IFCFiscal.Micros\RES\SAT-Cf-e 3700\SRC\SAT 5\SAT 4\NFCE-SAT\EnviaSeFaz\EnviaNFCePR.cs:linha 165
12/05/2015 19:13:45 :   em EnviaSeFaz.EnviaNfcePR.envia() na E:\dev\MICROS BRAZIL\FI\IFCFiscal.Micros\RES\SAT-Cf-e 3700\SRC\SAT 5\SAT 4\NFCE-SAT\EnviaSeFaz\EnviaNFCePR.cs:linha 165
12/05/2015 19:13:46 :   em EnviaSeFaz.EnviaNfcePR.envia() na E:\dev\MICROS BRAZIL\FI\IFCFiscal.Micros\RES\SAT-Cf-e 3700\SRC\SAT 5\SAT 4\NFCE-SAT\EnviaSeFaz\EnviaNFCePR.cs:linha 165
12/05/2015 19:13:54 :   em EnviaSeFaz.EnviaNfcePR.envia() na E:\dev\MICROS BRAZIL\FI\IFCFiscal.Micros\RES\SAT-Cf-e 3700\SRC\SAT 5\SAT 4\NFCE-SAT\EnviaSeFaz\EnviaNFCePR.cs:linha 165
12/05/2015 19:13:56 :   em EnviaSeFaz.EnviaNfcePR.envia() na E:\dev\MICROS BRAZIL\FI\IFCFiscal.Micros\RES\SAT-Cf-e 3700\SRC\SAT 5\SAT 4\NFCE-SAT\EnviaSeFaz\EnviaNFCePR.cs:linha 165
12/05/2015 19:13:56 :   em EnviaSeFaz.EnviaNfcePR.envia() na E:\dev\MICROS BRAZIL\FI\IFCFiscal.Micros\RES\SAT-Cf-e 3700\SRC\SAT 5\SAT 4\NFCE-SAT\EnviaSeFaz\EnviaNFCePR.cs:linha 165
12/05/2015 19:13:56 :   em EnviaSeFaz.EnviaNfcePR.envia() na E:\dev\MICROS BRAZIL\FI\IFCFiscal.Micros\RES\SAT-Cf-e 3700\SRC\SAT 5\SAT 4\NFCE-SAT\EnviaSeFaz\EnviaNFCePR.cs:linha 165
12/05/2015 19:13:57 :   em EnviaSeFaz.EnviaNfcePR.envia() na E:\dev\MICROS BRAZIL\FI\IFCFiscal.Micros\RES\SAT-Cf-e 3700\SRC\SAT 5\SAT 4\NFCE-SAT\EnviaSeFaz\EnviaNFCePR.cs:linha 165
12/05/2015 19:13:57 :   em EnviaSeFaz.EnviaNfcePR.envia() na E:\dev\MICROS BRAZIL\FI\IFCFiscal.Micros\RES\SAT-Cf-e 3700\SRC\SAT 5\SAT 4\NFCE-SAT\EnviaSeFaz\EnviaNFCePR.cs:linha 165
12/05/2015 19:13:57 :   em EnviaSeFaz.EnviaNfcePR.envia() na E:\dev\MICROS BRAZIL\FI\IFCFiscal.Micros\RES\SAT-Cf-e 3700\SRC\SAT 5\SAT 4\NFCE-SAT\EnviaSeFaz\EnviaNFCePR.cs:linha 165
12/05/2015 19:13:58 :   em EnviaSeFaz.EnviaNfcePR.envia() na E:\dev\MICROS BRAZIL\FI\IFCFiscal.Micros\RES\SAT-Cf-e 3700\SRC\SAT 5\SAT 4\NFCE-SAT\EnviaSeFaz\EnviaNFCePR.cs:linha 165
12/05/2015 19:13:58 :   em EnviaSeFaz.EnviaNfcePR.envia() na E:\dev\MICROS BRAZIL\FI\IFCFiscal.Micros\RES\SAT-Cf-e 3700\SRC\SAT 5\SAT 4\NFCE-SAT\EnviaSeFaz\EnviaNFCePR.cs:linha 165
12/05/2015 19:13:58 :   em EnviaSeFaz.EnviaNfcePR.envia() na E:\dev\MICROS BRAZIL\FI\IFCFiscal.Micros\RES\SAT-Cf-e 3700\SRC\SAT 5\SAT 4\NFCE-SAT\EnviaSeFaz\EnviaNFCePR.cs:linha 165
12/05/2015 19:13:58 :   em EnviaSeFaz.EnviaNfcePR.envia() na E:\dev\MICROS BRAZIL\FI\IFCFiscal.Micros\RES\SAT-Cf-e 3700\SRC\SAT 5\SAT 4\NFCE-SAT\EnviaSeFaz\EnviaNFCePR.cs:linha 165
12/05/2015 19:13:58 :   em EnviaSeFaz.EnviaNfcePR.envia() na E:\dev\MICROS BRAZIL\FI\IFCFiscal.Micros\RES\SAT-Cf-e 3700\SRC\SAT 5\SAT 4\NFCE-SAT\EnviaSeFaz\EnviaNFCePR.cs:linha 165
12/05/2015 19:21:41 :   em EnviaSeFaz.EnviaNfcePR.ConsultarNfce() na E:\dev\MICROS BRAZIL\FI\IFCFiscal.Micros\RES\SAT-Cf-e 3700\SRC\SAT 5\SAT 4\NFCE-SAT\EnviaSeFaz\EnviaNFCePR.cs:linha 256
12/05/2015 19:21:42 :   em EnviaSeFaz.EnviaNfcePR.ConsultarNfce() na E:\dev\MICROS BRAZIL\FI\IFCFiscal.Micros\RES\SAT-Cf-e 3700\SRC\SAT 5\SAT 4\NFCE-SAT\EnviaSeFaz\EnviaNFCePR.cs:linha 256
12/05/2015 19:21:42 :   em EnviaSeFaz.EnviaNfcePR.ConsultarNfce() na E:\dev\MICROS BRAZIL\FI\IFCFiscal.Micros\RES\SAT-Cf-e 3700\SRC\SAT 5\SAT 4\NFCE-SAT\EnviaSeFaz\EnviaNFCePR.cs:linha 256
12/05/2015 19:21:43 :   em EnviaSeFaz.EnviaNfcePR.envia() na E:\dev\MICROS BRAZIL\FI\IFCFiscal.Micros\RES\SAT-Cf-e 3700\SRC\SAT 5\SAT 4\NFCE-SAT\EnviaSeFaz\EnviaNFCePR.cs:linha 165
12/05/2015 19:21:44 :   em EnviaSeFaz.EnviaNfcePR.ConsultarNfce() na E:\dev\MICROS BRAZIL\FI\IFCFiscal.Micros\RES\SAT-Cf-e 3700\SRC\SAT 5\SAT 4\NFCE-SAT\EnviaSeFaz\EnviaNFCePR.cs:linha 256
12/05/2015 19:23:19 :   em EnviaSeFaz.EnviaNfcePR.envia() na E:\dev\MICROS BRAZIL\FI\IFCFiscal.Micros\RES\SAT-Cf-e 3700\SRC\SAT 5\SAT 4\NFCE-SAT\EnviaSeFaz\EnviaNFCePR.cs:linha 165
12/05/2015 19:24:03 :   em EnviaSeFaz.EnviaNfcePR.envia() na E:\dev\MICROS BRAZIL\FI\IFCFiscal.Micros\RES\SAT-Cf-e 3700\SRC\SAT 5\SAT 4\NFCE-SAT\EnviaSeFaz\EnviaNFCePR.cs:linha 165
12/05/2015 19:24:08 :   em EnviaSeFaz.EnviaNfcePR.ConsultarNfce() na E:\dev\MICROS BRAZIL\FI\IFCFiscal.Micros\RES\SAT-Cf-e 3700\SRC\SAT 5\SAT 4\NFCE-SAT\EnviaSeFaz\EnviaNFCePR.cs:linha 256
12/05/2015 19:25:19 :   em EnviaSeFaz.EnviaNfcePR.ConsultarNfce() na E:\dev\MICROS BRAZIL\FI\IFCFiscal.Micros\RES\SAT-Cf-e 3700\SRC\SAT 5\SAT 4\NFCE-SAT\EnviaSeFaz\EnviaNFCePR.cs:linha 256
12/05/2015 19:25:21 :   em EnviaSeFaz.EnviaNfcePR.envia() na E:\dev\MICROS BRAZIL\FI\IFCFiscal.Micros\RES\SAT-Cf-e 3700\SRC\SAT 5\SAT 4\NFCE-SAT\EnviaSeFaz\EnviaNFCePR.cs:linha 165
12/05/2015 19:25:21 :   em EnviaSeFaz.EnviaNfcePR.ConsultarNfce() na E:\dev\MICROS BRAZIL\FI\IFCFiscal.Micros\RES\SAT-Cf-e 3700\SRC\SAT 5\SAT 4\NFCE-SAT\EnviaSeFaz\EnviaNFCePR.cs:linha 256
12/05/2015 19:25:22 :   em EnviaSeFaz.EnviaNfcePR.ConsultarNfce() na E:\dev\MICROS BRAZIL\FI\IFCFiscal.Micros\RES\SAT-Cf-e 3700\SRC\SAT 5\SAT 4\NFCE-SAT\EnviaSeFaz\EnviaNFCePR.cs:linha 256
12/05/2015 19:25:29 :   em EnviaSeFaz.EnviaNfcePR.ConsultarNfce() na E:\dev\MICROS BRAZIL\FI\IFCFiscal.Micros\RES\SAT-Cf-e 3700\SRC\SAT 5\SAT 4\NFCE-SAT\EnviaSeFaz\EnviaNFCePR.cs:linha 256
12/05/2015 19:26:16 :   em EnviaSeFaz.EnviaNfcePR.ConsultarNfce() na E:\dev\MICROS BRAZIL\FI\IFCFiscal.Micros\RES\SAT-Cf-e 3700\SRC\SAT 5\SAT 4\NFCE-SAT\EnviaSeFaz\EnviaNFCePR.cs:linha 256
12/05/2015 19:26:32 :   em EnviaSeFaz.EnviaNfcePR.ConsultarNfce() na E:\dev\MICROS BRAZIL\FI\IFCFiscal.Micros\RES\SAT-Cf-e 3700\SRC\SAT 5\SAT 4\NFCE-SAT\EnviaSeFaz\EnviaNFCePR.cs:linha 256
12/05/2015 19:26:32 :   em EnviaSeFaz.EnviaNfcePR.ConsultarNfce() na E:\dev\MICROS BRAZIL\FI\IFCFiscal.Micros\RES\SAT-Cf-e 3700\SRC\SAT 5\SAT 4\NFCE-SAT\EnviaSeFaz\EnviaNFCePR.cs:linha 256
12/05/2015 19:26:33 :   em EnviaSeFaz.EnviaNfcePR.ConsultarNfce() na E:\dev\MICROS BRAZIL\FI\IFCFiscal.Micros\RES\SAT-Cf-e 3700\SRC\SAT 5\SAT 4\NFCE-SAT\EnviaSeFaz\EnviaNFCePR.cs:linha 256
12/05/2015 19:26:33 :   em EnviaSeFaz.EnviaNfcePR.ConsultarNfce() na E:\dev\MICROS BRAZIL\FI\IFCFiscal.Micros\RES\SAT-Cf-e 3700\SRC\SAT 5\SAT 4\NFCE-SAT\EnviaSeFaz\EnviaNFCePR.cs:linha 256
12/05/2015 19:26:34 :   em EnviaSeFaz.EnviaNfcePR.ConsultarNfce() na E:\dev\MICROS BRAZIL\FI\IFCFiscal.Micros\RES\SAT-Cf-e 3700\SRC\SAT 5\SAT 4\NFCE-SAT\EnviaSeFaz\EnviaNFCePR.cs:linha 256
12/05/2015 19:26:35 :   em EnviaSeFaz.EnviaNfcePR.ConsultarNfce() na E:\dev\MICROS BRAZIL\FI\IFCFiscal.Micros\RES\SAT-Cf-e 3700\SRC\SAT 5\SAT 4\NFCE-SAT\EnviaSeFaz\EnviaNFCePR.cs:linha 256
12/05/2015 19:26:35 :   em EnviaSeFaz.EnviaNfcePR.ConsultarNfce() na E:\dev\MICROS BRAZIL\FI\IFCFiscal.Micros\RES\SAT-Cf-e 3700\SRC\SAT 5\SAT 4\NFCE-SAT\EnviaSeFaz\EnviaNFCePR.cs:linha 256
12/05/2015 19:26:35 :   em EnviaSeFaz.EnviaNfcePR.ConsultarNfce() na E:\dev\MICROS BRAZIL\FI\IFCFiscal.Micros\RES\SAT-Cf-e 3700\SRC\SAT 5\SAT 4\NFCE-SAT\EnviaSeFaz\EnviaNFCePR.cs:linha 256
12/05/2015 19:26:42 :   em EnviaSeFaz.EnviaNfcePR.ConsultarNfce() na E:\dev\MICROS BRAZIL\FI\IFCFiscal.Micros\RES\SAT-Cf-e 3700\SRC\SAT 5\SAT 4\NFCE-SAT\EnviaSeFaz\EnviaNFCePR.cs:linha 256
12/05/2015 19:26:44 :   em EnviaSeFaz.EnviaNfcePR.ConsultarNfce() na E:\dev\MICROS BRAZIL\FI\IFCFiscal.Micros\RES\SAT-Cf-e 3700\SRC\SAT 5\SAT 4\NFCE-SAT\EnviaSeFaz\EnviaNFCePR.cs:linha 256
12/05/2015 19:26:53 :   em EnviaSeFaz.EnviaNfcePR.ConsultarNfce() na E:\dev\MICROS BRAZIL\FI\IFCFiscal.Micros\RES\SAT-Cf-e 3700\SRC\SAT 5\SAT 4\NFCE-SAT\EnviaSeFaz\EnviaNFCePR.cs:linha 256
12/05/2015 19:26:58 :   em EnviaSeFaz.EnviaNfcePR.ConsultarNfce() na E:\dev\MICROS BRAZIL\FI\IFCFiscal.Micros\RES\SAT-Cf-e 3700\SRC\SAT 5\SAT 4\NFCE-SAT\EnviaSeFaz\EnviaNFCePR.cs:linha 256
12/05/2015 19:26:59 :   em EnviaSeFaz.EnviaNfcePR.ConsultarNfce() na E:\dev\MICROS BRAZIL\FI\IFCFiscal.Micros\RES\SAT-Cf-e 3700\SRC\SAT 5\SAT 4\NFCE-SAT\EnviaSeFaz\EnviaNFCePR.cs:linha 256
12/05/2015 19:26:59 :   em EnviaSeFaz.EnviaNfcePR.ConsultarNfce() na E:\dev\MICROS BRAZIL\FI\IFCFiscal.Micros\RES\SAT-Cf-e 3700\SRC\SAT 5\SAT 4\NFCE-SAT\EnviaSeFaz\EnviaNFCePR.cs:linha 256
12/05/2015 19:27:01 :   em EnviaSeFaz.EnviaNfcePR.ConsultarNfce() na E:\dev\MICROS BRAZIL\FI\IFCFiscal.Micros\RES\SAT-Cf-e 3700\SRC\SAT 5\SAT 4\NFCE-SAT\EnviaSeFaz\EnviaNFCePR.cs:linha 256
12/05/2015 19:27:09 :   em EnviaSeFaz.EnviaNfcePR.envia() na E:\dev\MICROS BRAZIL\FI\IFCFiscal.Micros\RES\SAT-Cf-e 3700\SRC\SAT 5\SAT 4\NFCE-SAT\EnviaSeFaz\EnviaNFCePR.cs:linha 165
12/05/2015 19:27:30 :   em EnviaSeFaz.EnviaNfcePR.ConsultarNfce() na E:\dev\MICROS BRAZIL\FI\IFCFiscal.Micros\RES\SAT-Cf-e 3700\SRC\SAT 5\SAT 4\NFCE-SAT\EnviaSeFaz\EnviaNFCePR.cs:linha 256
12/05/2015 19:27:37 :   em EnviaSeFaz.EnviaNfcePR.ConsultarNfce() na E:\dev\MICROS BRAZIL\FI\IFCFiscal.Micros\RES\SAT-Cf-e 3700\SRC\SAT 5\SAT 4\NFCE-SAT\EnviaSeFaz\EnviaNFCePR.cs:linha 256
12/05/2015 19:27:38 :   em EnviaSeFaz.EnviaNfcePR.ConsultarNfce() na E:\dev\MICROS BRAZIL\FI\IFCFiscal.Micros\RES\SAT-Cf-e 3700\SRC\SAT 5\SAT 4\NFCE-SAT\EnviaSeFaz\EnviaNFCePR.cs:linha 256
12/05/2015 19:27:40 :   em EnviaSeFaz.EnviaNfcePR.envia() na E:\dev\MICROS BRAZIL\FI\IFCFiscal.Micros\RES\SAT-Cf-e 3700\SRC\SAT 5\SAT 4\NFCE-SAT\EnviaSeFaz\EnviaNFCePR.cs:linha 165
12/05/2015 19:28:51 :   em EnviaSeFaz.EnviaNfcePR.envia() na E:\dev\MICROS BRAZIL\FI\IFCFiscal.Micros\RES\SAT-Cf-e 3700\SRC\SAT 5\SAT 4\NFCE-SAT\EnviaSeFaz\EnviaNFCePR.cs:linha 165
12/05/2015 19:28:57 :   em EnviaSeFaz.EnviaNfcePR.envia() na E:\dev\MICROS BRAZIL\FI\IFCFiscal.Micros\RES\SAT-Cf-e 3700\SRC\SAT 5\SAT 4\NFCE-SAT\EnviaSeFaz\EnviaNFCePR.cs:linha 165
12/05/2015 19:29:00 :   em EnviaSeFaz.EnviaNfcePR.ConsultarNfce() na E:\dev\MICROS BRAZIL\FI\IFCFiscal.Micros\RES\SAT-Cf-e 3700\SRC\SAT 5\SAT 4\NFCE-SAT\EnviaSeFaz\EnviaNFCePR.cs:linha 256
12/05/2015 19:29:04 :   em EnviaSeFaz.EnviaNfcePR.ConsultarNfce() na E:\dev\MICROS BRAZIL\FI\IFCFiscal.Micros\RES\SAT-Cf-e 3700\SRC\SAT 5\SAT 4\NFCE-SAT\EnviaSeFaz\EnviaNFCePR.cs:linha 256
12/05/2015 19:29:07 :   em EnviaSeFaz.EnviaNfcePR.ConsultarNfce() na E:\dev\MICROS BRAZIL\FI\IFCFiscal.Micros\RES\SAT-Cf-e 3700\SRC\SAT 5\SAT 4\NFCE-SAT\EnviaSeFaz\EnviaNFCePR.cs:linha 256
12/05/2015 19:29:10 :   em EnviaSeFaz.EnviaNfcePR.ConsultarNfce() na E:\dev\MICROS BRAZIL\FI\IFCFiscal.Micros\RES\SAT-Cf-e 3700\SRC\SAT 5\SAT 4\NFCE-SAT\EnviaSeFaz\EnviaNFCePR.cs:linha 256
12/05/2015 19:29:12 :   em EnviaSeFaz.EnviaNfcePR.ConsultarNfce() na E:\dev\MICROS BRAZIL\FI\IFCFiscal.Micros\RES\SAT-Cf-e 3700\SRC\SAT 5\SAT 4\NFCE-SAT\EnviaSeFaz\EnviaNFCePR.cs:linha 256
12/05/2015 19:29:16 :   em EnviaSeFaz.EnviaNfcePR.ConsultarNfce() na E:\dev\MICROS BRAZIL\FI\IFCFiscal.Micros\RES\SAT-Cf-e 3700\SRC\SAT 5\SAT 4\NFCE-SAT\EnviaSeFaz\EnviaNFCePR.cs:linha 256
12/05/2015 19:29:18 :   em EnviaSeFaz.EnviaNfcePR.ConsultarNfce() na E:\dev\MICROS BRAZIL\FI\IFCFiscal.Micros\RES\SAT-Cf-e 3700\SRC\SAT 5\SAT 4\NFCE-SAT\EnviaSeFaz\EnviaNFCePR.cs:linha 256
12/05/2015 19:29:19 :   em EnviaSeFaz.EnviaNfcePR.ConsultarNfce() na E:\dev\MICROS BRAZIL\FI\IFCFiscal.Micros\RES\SAT-Cf-e 3700\SRC\SAT 5\SAT 4\NFCE-SAT\EnviaSeFaz\EnviaNFCePR.cs:linha 256
12/05/2015 19:29:20 :   em EnviaSeFaz.EnviaNfcePR.ConsultarNfce() na E:\dev\MICROS BRAZIL\FI\IFCFiscal.Micros\RES\SAT-Cf-e 3700\SRC\SAT 5\SAT 4\NFCE-SAT\EnviaSeFaz\EnviaNFCePR.cs:linha 256
12/05/2015 19:29:22 :   em EnviaSeFaz.EnviaNfcePR.ConsultarNfce() na E:\dev\MICROS BRAZIL\FI\IFCFiscal.Micros\RES\SAT-Cf-e 3700\SRC\SAT 5\SAT 4\NFCE-SAT\EnviaSeFaz\EnviaNFCePR.cs:linha 256
12/05/2015 19:29:25 :   em EnviaSeFaz.EnviaNfcePR.ConsultarNfce() na E:\dev\MICROS BRAZIL\FI\IFCFiscal.Micros\RES\SAT-Cf-e 3700\SRC\SAT 5\SAT 4\NFCE-SAT\EnviaSeFaz\EnviaNFCePR.cs:linha 256
12/05/2015 19:29:29 :   em EnviaSeFaz.EnviaNfcePR.ConsultarNfce() na E:\dev\MICROS BRAZIL\FI\IFCFiscal.Micros\RES\SAT-Cf-e 3700\SRC\SAT 5\SAT 4\NFCE-SAT\EnviaSeFaz\EnviaNFCePR.cs:linha 256
12/05/2015 19:29:30 :   em EnviaSeFaz.EnviaNfcePR.ConsultarNfce() na E:\dev\MICROS BRAZIL\FI\IFCFiscal.Micros\RES\SAT-Cf-e 3700\SRC\SAT 5\SAT 4\NFCE-SAT\EnviaSeFaz\EnviaNFCePR.cs:linha 256
12/05/2015 19:29:32 :   em EnviaSeFaz.EnviaNfcePR.ConsultarNfce() na E:\dev\MICROS BRAZIL\FI\IFCFiscal.Micros\RES\SAT-Cf-e 3700\SRC\SAT 5\SAT 4\NFCE-SAT\EnviaSeFaz\EnviaNFCePR.cs:linha 256
12/05/2015 19:29:32 :   em EnviaSeFaz.EnviaNfcePR.ConsultarNfce() na E:\dev\MICROS BRAZIL\FI\IFCFiscal.Micros\RES\SAT-Cf-e 3700\SRC\SAT 5\SAT 4\NFCE-SAT\EnviaSeFaz\EnviaNFCePR.cs:linha 256
12/05/2015 19:29:45 :   em EnviaSeFaz.EnviaNfcePR.ConsultarNfce() na E:\dev\MICROS BRAZIL\FI\IFCFiscal.Micros\RES\SAT-Cf-e 3700\SRC\SAT 5\SAT 4\NFCE-SAT\EnviaSeFaz\EnviaNFCePR.cs:linha 256
12/05/2015 19:29:57 :   em EnviaSeFaz.EnviaNfcePR.ConsultarNfce() na E:\dev\MICROS BRAZIL\FI\IFCFiscal.Micros\RES\SAT-Cf-e 3700\SRC\SAT 5\SAT 4\NFCE-SAT\EnviaSeFaz\EnviaNFCePR.cs:linha 256
12/05/2015 19:30:03 :   em EnviaSeFaz.EnviaNfcePR.envia() na E:\dev\MICROS BRAZIL\FI\IFCFiscal.Micros\RES\SAT-Cf-e 3700\SRC\SAT 5\SAT 4\NFCE-SAT\EnviaSeFaz\EnviaNFCePR.cs:linha 165
12/05/2015 19:30:08 :   em EnviaSeFaz.EnviaNfcePR.ConsultarNfce() na E:\dev\MICROS BRAZIL\FI\IFCFiscal.Micros\RES\SAT-Cf-e 3700\SRC\SAT 5\SAT 4\NFCE-SAT\EnviaSeFaz\EnviaNFCePR.cs:linha 256
12/05/2015 19:30:14 :   em EnviaSeFaz.EnviaNfcePR.ConsultarNfce() na E:\dev\MICROS BRAZIL\FI\IFCFiscal.Micros\RES\SAT-Cf-e 3700\SRC\SAT 5\SAT 4\NFCE-SAT\EnviaSeFaz\EnviaNFCePR.cs:linha 256
12/05/2015 19:30:22 :   em EnviaSeFaz.EnviaNfcePR.ConsultarNfce() na E:\dev\MICROS BRAZIL\FI\IFCFiscal.Micros\RES\SAT-Cf-e 3700\SRC\SAT 5\SAT 4\NFCE-SAT\EnviaSeFaz\EnviaNFCePR.cs:linha 256
12/05/2015 19:30:26 :   em EnviaSeFaz.EnviaNfcePR.envia() na E:\dev\MICROS BRAZIL\FI\IFCFiscal.Micros\RES\SAT-Cf-e 3700\SRC\SAT 5\SAT 4\NFCE-SAT\EnviaSeFaz\EnviaNFCePR.cs:linha 165
12/05/2015 19:30:27 :   em EnviaSeFaz.EnviaNfcePR.ConsultarNfce() na E:\dev\MICROS BRAZIL\FI\IFCFiscal.Micros\RES\SAT-Cf-e 3700\SRC\SAT 5\SAT 4\NFCE-SAT\EnviaSeFaz\EnviaNFCePR.cs:linha 256
12/05/2015 19:30:35 :   em EnviaSeFaz.EnviaNfcePR.ConsultarNfce() na E:\dev\MICROS BRAZIL\FI\IFCFiscal.Micros\RES\SAT-Cf-e 3700\SRC\SAT 5\SAT 4\NFCE-SAT\EnviaSeFaz\EnviaNFCePR.cs:linha 256
12/05/2015 19:30:41 :   em EnviaSeFaz.EnviaNfcePR.envia() na E:\dev\MICROS BRAZIL\FI\IFCFiscal.Micros\RES\SAT-Cf-e 3700\SRC\SAT 5\SAT 4\NFCE-SAT\EnviaSeFaz\EnviaNFCePR.cs:linha 165
12/05/2015 19:30:42 :   em EnviaSeFaz.EnviaNfcePR.ConsultarNfce() na E:\dev\MICROS BRAZIL\FI\IFCFiscal.Micros\RES\SAT-Cf-e 3700\SRC\SAT 5\SAT 4\NFCE-SAT\EnviaSeFaz\EnviaNFCePR.cs:linha 256
12/05/2015 19:30:49 :   em EnviaSeFaz.EnviaNfcePR.ConsultarNfce() na E:\dev\MICROS BRAZIL\FI\IFCFiscal.Micros\RES\SAT-Cf-e 3700\SRC\SAT 5\SAT 4\NFCE-SAT\EnviaSeFaz\EnviaNFCePR.cs:linha 256
12/05/2015 19:30:51 :   em EnviaSeFaz.EnviaNfcePR.ConsultarNfce() na E:\dev\MICROS BRAZIL\FI\IFCFiscal.Micros\RES\SAT-Cf-e 3700\SRC\SAT 5\SAT 4\NFCE-SAT\EnviaSeFaz\EnviaNFCePR.cs:linha 256
12/05/2015 19:31:05 :   em EnviaSeFaz.EnviaNfcePR.ConsultarNfce() na E:\dev\MICROS BRAZIL\FI\IFCFiscal.Micros\RES\SAT-Cf-e 3700\SRC\SAT 5\SAT 4\NFCE-SAT\EnviaSeFaz\EnviaNFCePR.cs:linha 256
12/05/2015 19:31:23 :   em EnviaSeFaz.EnviaNfcePR.ConsultarNfce() na E:\dev\MICROS BRAZIL\FI\IFCFiscal.Micros\RES\SAT-Cf-e 3700\SRC\SAT 5\SAT 4\NFCE-SAT\EnviaSeFaz\EnviaNFCePR.cs:linha 256
12/05/2015 19:31:24 :   em EnviaSeFaz.EnviaNfcePR.ConsultarNfce() na E:\dev\MICROS BRAZIL\FI\IFCFiscal.Micros\RES\SAT-Cf-e 3700\SRC\SAT 5\SAT 4\NFCE-SAT\EnviaSeFaz\EnviaNFCePR.cs:linha 256
12/05/2015 19:31:25 :   em EnviaSeFaz.EnviaNfcePR.ConsultarNfce() na E:\dev\MICROS BRAZIL\FI\IFCFiscal.Micros\RES\SAT-Cf-e 3700\SRC\SAT 5\SAT 4\NFCE-SAT\EnviaSeFaz\EnviaNFCePR.cs:linha 256
12/05/2015 19:31:27 :   em EnviaSeFaz.EnviaNfcePR.ConsultarNfce() na E:\dev\MICROS BRAZIL\FI\IFCFiscal.Micros\RES\SAT-Cf-e 3700\SRC\SAT 5\SAT 4\NFCE-SAT\EnviaSeFaz\EnviaNFCePR.cs:linha 256
12/05/2015 19:31:28 :   em EnviaSeFaz.EnviaNfcePR.ConsultarNfce() na E:\dev\MICROS BRAZIL\FI\IFCFiscal.Micros\RES\SAT-Cf-e 3700\SRC\SAT 5\SAT 4\NFCE-SAT\EnviaSeFaz\EnviaNFCePR.cs:linha 256
12/05/2015 19:31:29 :   em EnviaSeFaz.EnviaNfcePR.ConsultarNfce() na E:\dev\MICROS BRAZIL\FI\IFCFiscal.Micros\RES\SAT-Cf-e 3700\SRC\SAT 5\SAT 4\NFCE-SAT\EnviaSeFaz\EnviaNFCePR.cs:linha 256
12/05/2015 19:31:30 :   em EnviaSeFaz.EnviaNfcePR.ConsultarNfce() na E:\dev\MICROS BRAZIL\FI\IFCFiscal.Micros\RES\SAT-Cf-e 3700\SRC\SAT 5\SAT 4\NFCE-SAT\EnviaSeFaz\EnviaNFCePR.cs:linha 256
12/05/2015 19:31:34 :   em EnviaSeFaz.EnviaNfcePR.ConsultarNfce() na E:\dev\MICROS BRAZIL\FI\IFCFiscal.Micros\RES\SAT-Cf-e 3700\SRC\SAT 5\SAT 4\NFCE-SAT\EnviaSeFaz\EnviaNFCePR.cs:linha 256
12/05/2015 19:31:35 :   em EnviaSeFaz.EnviaNfcePR.ConsultarNfce() na E:\dev\MICROS BRAZIL\FI\IFCFiscal.Micros\RES\SAT-Cf-e 3700\SRC\SAT 5\SAT 4\NFCE-SAT\EnviaSeFaz\EnviaNFCePR.cs:linha 256
12/05/2015 19:31:37 :   em EnviaSeFaz.EnviaNfcePR.ConsultarNfce() na E:\dev\MICROS BRAZIL\FI\IFCFiscal.Micros\RES\SAT-Cf-e 3700\SRC\SAT 5\SAT 4\NFCE-SAT\EnviaSeFaz\EnviaNFCePR.cs:linha 256
12/05/2015 19:31:38 :   em EnviaSeFaz.EnviaNfcePR.ConsultarNfce() na E:\dev\MICROS BRAZIL\FI\IFCFiscal.Micros\RES\SAT-Cf-e 3700\SRC\SAT 5\SAT 4\NFCE-SAT\EnviaSeFaz\EnviaNFCePR.cs:linha 256
12/05/2015 19:31:40 :   em EnviaSeFaz.EnviaNfcePR.ConsultarNfce() na E:\dev\MICROS BRAZIL\FI\IFCFiscal.Micros\RES\SAT-Cf-e 3700\SRC\SAT 5\SAT 4\NFCE-SAT\EnviaSeFaz\EnviaNFCePR.cs:linha 256
12/05/2015 19:31:41 :   em EnviaSeFaz.EnviaNfcePR.ConsultarNfce() na E:\dev\MICROS BRAZIL\FI\IFCFiscal.Micros\RES\SAT-Cf-e 3700\SRC\SAT 5\SAT 4\NFCE-SAT\EnviaSeFaz\EnviaNFCePR.cs:linha 256
12/05/2015 19:31:44 :   em EnviaSeFaz.EnviaNfcePR.ConsultarNfce() na E:\dev\MICROS BRAZIL\FI\IFCFiscal.Micros\RES\SAT-Cf-e 3700\SRC\SAT 5\SAT 4\NFCE-SAT\EnviaSeFaz\EnviaNFCePR.cs:linha 256
12/05/2015 19:31:46 :   em EnviaSeFaz.EnviaNfcePR.ConsultarNfce() na E:\dev\MICROS BRAZIL\FI\IFCFiscal.Micros\RES\SAT-Cf-e 3700\SRC\SAT 5\SAT 4\NFCE-SAT\EnviaSeFaz\EnviaNFCePR.cs:linha 256
12/05/2015 19:31:47 :   em EnviaSeFaz.EnviaNfcePR.ConsultarNfce() na E:\dev\MICROS BRAZIL\FI\IFCFiscal.Micros\RES\SAT-Cf-e 3700\SRC\SAT 5\SAT 4\NFCE-SAT\EnviaSeFaz\EnviaNFCePR.cs:linha 256
12/05/2015 19:31:49 :   em EnviaSeFaz.EnviaNfcePR.ConsultarNfce() na E:\dev\MICROS BRAZIL\FI\IFCFiscal.Micros\RES\SAT-Cf-e 3700\SRC\SAT 5\SAT 4\NFCE-SAT\EnviaSeFaz\EnviaNFCePR.cs:linha 256
12/05/2015 19:31:51 :   em EnviaSeFaz.EnviaNfcePR.ConsultarNfce() na E:\dev\MICROS BRAZIL\FI\IFCFiscal.Micros\RES\SAT-Cf-e 3700\SRC\SAT 5\SAT 4\NFCE-SAT\EnviaSeFaz\EnviaNFCePR.cs:linha 256
12/05/2015 19:31:52 :   em EnviaSeFaz.EnviaNfcePR.ConsultarNfce() na E:\dev\MICROS BRAZIL\FI\IFCFiscal.Micros\RES\SAT-Cf-e 3700\SRC\SAT 5\SAT 4\NFCE-SAT\EnviaSeFaz\EnviaNFCePR.cs:linha 256
12/05/2015 19:31:54 :   em EnviaSeFaz.EnviaNfcePR.ConsultarNfce() na E:\dev\MICROS BRAZIL\FI\IFCFiscal.Micros\RES\SAT-Cf-e 3700\SRC\SAT 5\SAT 4\NFCE-SAT\EnviaSeFaz\EnviaNFCePR.cs:linha 256
12/05/2015 19:31:55 :   em EnviaSeFaz.EnviaNfcePR.ConsultarNfce() na E:\dev\MICROS BRAZIL\FI\IFCFiscal.Micros\RES\SAT-Cf-e 3700\SRC\SAT 5\SAT 4\NFCE-SAT\EnviaSeFaz\EnviaNFCePR.cs:linha 256
12/05/2015 19:31:57 :   em EnviaSeFaz.EnviaNfcePR.ConsultarNfce() na E:\dev\MICROS BRAZIL\FI\IFCFiscal.Micros\RES\SAT-Cf-e 3700\SRC\SAT 5\SAT 4\NFCE-SAT\EnviaSeFaz\EnviaNFCePR.cs:linha 256
12/05/2015 19:31:58 :   em EnviaSeFaz.EnviaNfcePR.ConsultarNfce() na E:\dev\MICROS BRAZIL\FI\IFCFiscal.Micros\RES\SAT-Cf-e 3700\SRC\SAT 5\SAT 4\NFCE-SAT\EnviaSeFaz\EnviaNFCePR.cs:linha 256
12/05/2015 19:31:59 :   em EnviaSeFaz.EnviaNfcePR.ConsultarNfce() na E:\dev\MICROS BRAZIL\FI\IFCFiscal.Micros\RES\SAT-Cf-e 3700\SRC\SAT 5\SAT 4\NFCE-SAT\EnviaSeFaz\EnviaNFCePR.cs:linha 256
12/05/2015 19:32:01 :   em EnviaSeFaz.EnviaNfcePR.ConsultarNfce() na E:\dev\MICROS BRAZIL\FI\IFCFiscal.Micros\RES\SAT-Cf-e 3700\SRC\SAT 5\SAT 4\NFCE-SAT\EnviaSeFaz\EnviaNFCePR.cs:linha 256
12/05/2015 19:32:02 :   em EnviaSeFaz.EnviaNfcePR.ConsultarNfce() na E:\dev\MICROS BRAZIL\FI\IFCFiscal.Micros\RES\SAT-Cf-e 3700\SRC\SAT 5\SAT 4\NFCE-SAT\EnviaSeFaz\EnviaNFCePR.cs:linha 256
12/05/2015 19:32:03 :   em EnviaSeFaz.EnviaNfcePR.ConsultarNfce() na E:\dev\MICROS BRAZIL\FI\IFCFiscal.Micros\RES\SAT-Cf-e 3700\SRC\SAT 5\SAT 4\NFCE-SAT\EnviaSeFaz\EnviaNFCePR.cs:linha 256
12/05/2015 19:32:04 :   em EnviaSeFaz.EnviaNfcePR.ConsultarNfce() na E:\dev\MICROS BRAZIL\FI\IFCFiscal.Micros\RES\SAT-Cf-e 3700\SRC\SAT 5\SAT 4\NFCE-SAT\EnviaSeFaz\EnviaNFCePR.cs:linha 256
12/05/2015 19:32:06 :   em EnviaSeFaz.EnviaNfcePR.envia() na E:\dev\MICROS BRAZIL\FI\IFCFiscal.Micros\RES\SAT-Cf-e 3700\SRC\SAT 5\SAT 4\NFCE-SAT\EnviaSeFaz\EnviaNFCePR.cs:linha 165
12/05/2015 19:32:06 :   em EnviaSeFaz.EnviaNfcePR.ConsultarNfce() na E:\dev\MICROS BRAZIL\FI\IFCFiscal.Micros\RES\SAT-Cf-e 3700\SRC\SAT 5\SAT 4\NFCE-SAT\EnviaSeFaz\EnviaNFCePR.cs:linha 256
12/05/2015 19:32:07 :   em EnviaSeFaz.EnviaNfcePR.ConsultarNfce() na E:\dev\MICROS BRAZIL\FI\IFCFiscal.Micros\RES\SAT-Cf-e 3700\SRC\SAT 5\SAT 4\NFCE-SAT\EnviaSeFaz\EnviaNFCePR.cs:linha 256
12/05/2015 19:32:08 :   em EnviaSeFaz.EnviaNfcePR.envia() na E:\dev\MICROS BRAZIL\FI\IFCFiscal.Micros\RES\SAT-Cf-e 3700\SRC\SAT 5\SAT 4\NFCE-SAT\EnviaSeFaz\EnviaNFCePR.cs:linha 165
12/05/2015 19:32:08 :   em EnviaSeFaz.EnviaNfcePR.envia() na E:\dev\MICROS BRAZIL\FI\IFCFiscal.Micros\RES\SAT-Cf-e 3700\SRC\SAT 5\SAT 4\NFCE-SAT\EnviaSeFaz\EnviaNFCePR.cs:linha 165
12/05/2015 19:32:09 :   em EnviaSeFaz.EnviaNfcePR.ConsultarNfce() na E:\dev\MICROS BRAZIL\FI\IFCFiscal.Micros\RES\SAT-Cf-e 3700\SRC\SAT 5\SAT 4\NFCE-SAT\EnviaSeFaz\EnviaNFCePR.cs:linha 256
12/05/2015 19:32:10 :   em EnviaSeFaz.EnviaNfcePR.ConsultarNfce() na E:\dev\MICROS BRAZIL\FI\IFCFiscal.Micros\RES\SAT-Cf-e 3700\SRC\SAT 5\SAT 4\NFCE-SAT\EnviaSeFaz\EnviaNFCePR.cs:linha 256
12/05/2015 19:32:11 :   em EnviaSeFaz.EnviaNfcePR.ConsultarNfce() na E:\dev\MICROS BRAZIL\FI\IFCFiscal.Micros\RES\SAT-Cf-e 3700\SRC\SAT 5\SAT 4\NFCE-SAT\EnviaSeFaz\EnviaNFCePR.cs:linha 256
12/05/2015 19:32:12 :   em EnviaSeFaz.EnviaNfcePR.ConsultarNfce() na E:\dev\MICROS BRAZIL\FI\IFCFiscal.Micros\RES\SAT-Cf-e 3700\SRC\SAT 5\SAT 4\NFCE-SAT\EnviaSeFaz\EnviaNFCePR.cs:linha 256
12/05/2015 19:32:12 :   em EnviaSeFaz.EnviaNfcePR.ConsultarNfce() na E:\dev\MICROS BRAZIL\FI\IFCFiscal.Micros\RES\SAT-Cf-e 3700\SRC\SAT 5\SAT 4\NFCE-SAT\EnviaSeFaz\EnviaNFCePR.cs:linha 256
12/05/2015 19:32:15 :   em EnviaSeFaz.EnviaNfcePR.envia() na E:\dev\MICROS BRAZIL\FI\IFCFiscal.Micros\RES\SAT-Cf-e 3700\SRC\SAT 5\SAT 4\NFCE-SAT\EnviaSeFaz\EnviaNFCePR.cs:linha 165
12/05/2015 19:32:15 :   em EnviaSeFaz.EnviaNfcePR.ConsultarNfce() na E:\dev\MICROS BRAZIL\FI\IFCFiscal.Micros\RES\SAT-Cf-e 3700\SRC\SAT 5\SAT 4\NFCE-SAT\EnviaSeFaz\EnviaNFCePR.cs:linha 256
12/05/2015 19:32:16 :   em EnviaSeFaz.EnviaNfcePR.ConsultarNfce() na E:\dev\MICROS BRAZIL\FI\IFCFiscal.Micros\RES\SAT-Cf-e 3700\SRC\SAT 5\SAT 4\NFCE-SAT\EnviaSeFaz\EnviaNFCePR.cs:linha 256
12/05/2015 19:32:17 :   em EnviaSeFaz.EnviaNfcePR.ConsultarNfce() na E:\dev\MICROS BRAZIL\FI\IFCFiscal.Micros\RES\SAT-Cf-e 3700\SRC\SAT 5\SAT 4\NFCE-SAT\EnviaSeFaz\EnviaNFCePR.cs:linha 256
12/05/2015 19:32:19 :   em EnviaSeFaz.EnviaNfcePR.ConsultarNfce() na E:\dev\MICROS BRAZIL\FI\IFCFiscal.Micros\RES\SAT-Cf-e 3700\SRC\SAT 5\SAT 4\NFCE-SAT\EnviaSeFaz\EnviaNFCePR.cs:linha 256
12/05/2015 19:32:21 :   em EnviaSeFaz.EnviaNfcePR.ConsultarNfce() na E:\dev\MICROS BRAZIL\FI\IFCFiscal.Micros\RES\SAT-Cf-e 3700\SRC\SAT 5\SAT 4\NFCE-SAT\EnviaSeFaz\EnviaNFCePR.cs:linha 256
12/05/2015 19:32:22 :   em EnviaSeFaz.EnviaNfcePR.ConsultarNfce() na E:\dev\MICROS BRAZIL\FI\IFCFiscal.Micros\RES\SAT-Cf-e 3700\SRC\SAT 5\SAT 4\NFCE-SAT\EnviaSeFaz\EnviaNFCePR.cs:linha 256
12/05/2015 19:32:24 :   em EnviaSeFaz.EnviaNfcePR.ConsultarNfce() na E:\dev\MICROS BRAZIL\FI\IFCFiscal.Micros\RES\SAT-Cf-e 3700\SRC\SAT 5\SAT 4\NFCE-SAT\EnviaSeFaz\EnviaNFCePR.cs:linha 256
12/05/2015 19:32:26 :   em EnviaSeFaz.EnviaNfcePR.ConsultarNfce() na E:\dev\MICROS BRAZIL\FI\IFCFiscal.Micros\RES\SAT-Cf-e 3700\SRC\SAT 5\SAT 4\NFCE-SAT\EnviaSeFaz\EnviaNFCePR.cs:linha 256
12/05/2015 19:32:28 :   em EnviaSeFaz.EnviaNfcePR.ConsultarNfce() na E:\dev\MICROS BRAZIL\FI\IFCFiscal.Micros\RES\SAT-Cf-e 3700\SRC\SAT 5\SAT 4\NFCE-SAT\EnviaSeFaz\EnviaNFCePR.cs:linha 256
12/05/2015 19:32:31 :   em EnviaSeFaz.EnviaNfcePR.ConsultarNfce() na E:\dev\MICROS BRAZIL\FI\IFCFiscal.Micros\RES\SAT-Cf-e 3700\SRC\SAT 5\SAT 4\NFCE-SAT\EnviaSeFaz\EnviaNFCePR.cs:linha 256
12/05/2015 19:32:33 :   em EnviaSeFaz.EnviaNfcePR.ConsultarNfce() na E:\dev\MICROS BRAZIL\FI\IFCFiscal.Micros\RES\SAT-Cf-e 3700\SRC\SAT 5\SAT 4\NFCE-SAT\EnviaSeFaz\EnviaNFCePR.cs:linha 256
12/05/2015 19:32:33 :   em EnviaSeFaz.EnviaNfcePR.ConsultarNfce() na E:\dev\MICROS BRAZIL\FI\IFCFiscal.Micros\RES\SAT-Cf-e 3700\SRC\SAT 5\SAT 4\NFCE-SAT\EnviaSeFaz\EnviaNFCePR.cs:linha 256
12/05/2015 19:32:35 :   em EnviaSeFaz.EnviaNfcePR.ConsultarNfce() na E:\dev\MICROS BRAZIL\FI\IFCFiscal.Micros\RES\SAT-Cf-e 3700\SRC\SAT 5\SAT 4\NFCE-SAT\EnviaSeFaz\EnviaNFCePR.cs:linha 256
12/05/2015 19:32:35 :   em EnviaSeFaz.EnviaNfcePR.ConsultarNfce() na E:\dev\MICROS BRAZIL\FI\IFCFiscal.Micros\RES\SAT-Cf-e 3700\SRC\SAT 5\SAT 4\NFCE-SAT\EnviaSeFaz\EnviaNFCePR.cs:linha 256
12/05/2015 19:32:36 :   em EnviaSeFaz.EnviaNfcePR.ConsultarNfce() na E:\dev\MICROS BRAZIL\FI\IFCFiscal.Micros\RES\SAT-Cf-e 3700\SRC\SAT 5\SAT 4\NFCE-SAT\EnviaSeFaz\EnviaNFCePR.cs:linha 256
12/05/2015 19:32:37 :   em EnviaSeFaz.EnviaNfcePR.ConsultarNfce() na E:\dev\MICROS BRAZIL\FI\IFCFiscal.Micros\RES\SAT-Cf-e 3700\SRC\SAT 5\SAT 4\NFCE-SAT\EnviaSeFaz\EnviaNFCePR.cs:linha 256
12/05/2015 19:32:38 :   em EnviaSeFaz.EnviaNfcePR.ConsultarNfce() na E:\dev\MICROS BRAZIL\FI\IFCFiscal.Micros\RES\SAT-Cf-e 3700\SRC\SAT 5\SAT 4\NFCE-SAT\EnviaSeFaz\EnviaNFCePR.cs:linha 256
12/05/2015 19:32:39 :   em EnviaSeFaz.EnviaNfcePR.ConsultarNfce() na E:\dev\MICROS BRAZIL\FI\IFCFiscal.Micros\RES\SAT-Cf-e 3700\SRC\SAT 5\SAT 4\NFCE-SAT\EnviaSeFaz\EnviaNFCePR.cs:linha 256
12/05/2015 19:32:40 :   em EnviaSeFaz.EnviaNfcePR.ConsultarNfce() na E:\dev\MICROS BRAZIL\FI\IFCFiscal.Micros\RES\SAT-Cf-e 3700\SRC\SAT 5\SAT 4\NFCE-SAT\EnviaSeFaz\EnviaNFCePR.cs:linha 256
12/05/2015 19:32:40 :   em EnviaSeFaz.EnviaNfcePR.ConsultarNfce() na E:\dev\MICROS BRAZIL\FI\IFCFiscal.Micros\RES\SAT-Cf-e 3700\SRC\SAT 5\SAT 4\NFCE-SAT\EnviaSeFaz\EnviaNFCePR.cs:linha 256
12/05/2015 19:32:42 :   em EnviaSeFaz.EnviaNfcePR.ConsultarNfce() na E:\dev\MICROS BRAZIL\FI\IFCFiscal.Micros\RES\SAT-Cf-e 3700\SRC\SAT 5\SAT 4\NFCE-SAT\EnviaSeFaz\EnviaNFCePR.cs:linha 256
12/05/2015 19:32:42 :   em EnviaSeFaz.EnviaNfcePR.ConsultarNfce() na E:\dev\MICROS BRAZIL\FI\IFCFiscal.Micros\RES\SAT-Cf-e 3700\SRC\SAT 5\SAT 4\NFCE-SAT\EnviaSeFaz\EnviaNFCePR.cs:linha 256
12/05/2015 19:32:44 :   em EnviaSeFaz.EnviaNfcePR.ConsultarNfce() na E:\dev\MICROS BRAZIL\FI\IFCFiscal.Micros\RES\SAT-Cf-e 3700\SRC\SAT 5\SAT 4\NFCE-SAT\EnviaSeFaz\EnviaNFCePR.cs:linha 256
12/05/2015 19:32:45 :   em EnviaSeFaz.EnviaNfcePR.ConsultarNfce() na E:\dev\MICROS BRAZIL\FI\IFCFiscal.Micros\RES\SAT-Cf-e 3700\SRC\SAT 5\SAT 4\NFCE-SAT\EnviaSeFaz\EnviaNFCePR.cs:linha 256
12/05/2015 19:32:46 :   em EnviaSeFaz.EnviaNfcePR.ConsultarNfce() na E:\dev\MICROS BRAZIL\FI\IFCFiscal.Micros\RES\SAT-Cf-e 3700\SRC\SAT 5\SAT 4\NFCE-SAT\EnviaSeFaz\EnviaNFCePR.cs:linha 256
12/05/2015 19:32:47 :   em EnviaSeFaz.EnviaNfcePR.ConsultarNfce() na E:\dev\MICROS BRAZIL\FI\IFCFiscal.Micros\RES\SAT-Cf-e 3700\SRC\SAT 5\SAT 4\NFCE-SAT\EnviaSeFaz\EnviaNFCePR.cs:linha 256
12/05/2015 19:32:48 :   em EnviaSeFaz.EnviaNfcePR.ConsultarNfce() na E:\dev\MICROS BRAZIL\FI\IFCFiscal.Micros\RES\SAT-Cf-e 3700\SRC\SAT 5\SAT 4\NFCE-SAT\EnviaSeFaz\EnviaNFCePR.cs:linha 256
12/05/2015 19:32:50 :   em EnviaSeFaz.EnviaNfcePR.ConsultarNfce() na E:\dev\MICROS BRAZIL\FI\IFCFiscal.Micros\RES\SAT-Cf-e 3700\SRC\SAT 5\SAT 4\NFCE-SAT\EnviaSeFaz\EnviaNFCePR.cs:linha 256
12/05/2015 19:32:51 :   em EnviaSeFaz.EnviaNfcePR.ConsultarNfce() na E:\dev\MICROS BRAZIL\FI\IFCFiscal.Micros\RES\SAT-Cf-e 3700\SRC\SAT 5\SAT 4\NFCE-SAT\EnviaSeFaz\EnviaNFCePR.cs:linha 256
12/05/2015 19:32:53 :   em EnviaSeFaz.EnviaNfcePR.ConsultarNfce() na E:\dev\MICROS BRAZIL\FI\IFCFiscal.Micros\RES\SAT-Cf-e 3700\SRC\SAT 5\SAT 4\NFCE-SAT\EnviaSeFaz\EnviaNFCePR.cs:linha 256
12/05/2015 19:32:53 :   em EnviaSeFaz.EnviaNfcePR.ConsultarNfce() na E:\dev\MICROS BRAZIL\FI\IFCFiscal.Micros\RES\SAT-Cf-e 3700\SRC\SAT 5\SAT 4\NFCE-SAT\EnviaSeFaz\EnviaNFCePR.cs:linha 256
12/05/2015 19:32:54 :   em EnviaSeFaz.EnviaNfcePR.ConsultarNfce() na E:\dev\MICROS BRAZIL\FI\IFCFiscal.Micros\RES\SAT-Cf-e 3700\SRC\SAT 5\SAT 4\NFCE-SAT\EnviaSeFaz\EnviaNFCePR.cs:linha 256
12/05/2015 19:32:57 :   em EnviaSeFaz.EnviaNfcePR.ConsultarNfce() na E:\dev\MICROS BRAZIL\FI\IFCFiscal.Micros\RES\SAT-Cf-e 3700\SRC\SAT 5\SAT 4\NFCE-SAT\EnviaSeFaz\EnviaNFCePR.cs:linha 256
12/05/2015 19:32:59 :   em EnviaSeFaz.EnviaNfcePR.ConsultarNfce() na E:\dev\MICROS BRAZIL\FI\IFCFiscal.Micros\RES\SAT-Cf-e 3700\SRC\SAT 5\SAT 4\NFCE-SAT\EnviaSeFaz\EnviaNFCePR.cs:linha 256
12/05/2015 19:33:01 :   em EnviaSeFaz.EnviaNfcePR.ConsultarNfce() na E:\dev\MICROS BRAZIL\FI\IFCFiscal.Micros\RES\SAT-Cf-e 3700\SRC\SAT 5\SAT 4\NFCE-SAT\EnviaSeFaz\EnviaNFCePR.cs:linha 256
12/05/2015 19:33:03 :   em EnviaSeFaz.EnviaNfcePR.ConsultarNfce() na E:\dev\MICROS BRAZIL\FI\IFCFiscal.Micros\RES\SAT-Cf-e 3700\SRC\SAT 5\SAT 4\NFCE-SAT\EnviaSeFaz\EnviaNFCePR.cs:linha 256
12/05/2015 19:33:05 :   em EnviaSeFaz.EnviaNfcePR.ConsultarNfce() na E:\dev\MICROS BRAZIL\FI\IFCFiscal.Micros\RES\SAT-Cf-e 3700\SRC\SAT 5\SAT 4\NFCE-SAT\EnviaSeFaz\EnviaNFCePR.cs:linha 256
12/05/2015 19:33:06 :   em EnviaSeFaz.EnviaNfcePR.ConsultarNfce() na E:\dev\MICROS BRAZIL\FI\IFCFiscal.Micros\RES\SAT-Cf-e 3700\SRC\SAT 5\SAT 4\NFCE-SAT\EnviaSeFaz\EnviaNFCePR.cs:linha 256
12/05/2015 19:33:07 :   em EnviaSeFaz.EnviaNfcePR.ConsultarNfce() na E:\dev\MICROS BRAZIL\FI\IFCFiscal.Micros\RES\SAT-Cf-e 3700\SRC\SAT 5\SAT 4\NFCE-SAT\EnviaSeFaz\EnviaNFCePR.cs:linha 256
12/05/2015 19:33:08 :   em EnviaSeFaz.EnviaNfcePR.ConsultarNfce() na E:\dev\MICROS BRAZIL\FI\IFCFiscal.Micros\RES\SAT-Cf-e 3700\SRC\SAT 5\SAT 4\NFCE-SAT\EnviaSeFaz\EnviaNFCePR.cs:linha 256
12/05/2015 19:33:09 :   em EnviaSeFaz.EnviaNfcePR.ConsultarNfce() na E:\dev\MICROS BRAZIL\FI\IFCFiscal.Micros\RES\SAT-Cf-e 3700\SRC\SAT 5\SAT 4\NFCE-SAT\EnviaSeFaz\EnviaNFCePR.cs:linha 256
12/05/2015 19:33:11 :   em EnviaSeFaz.EnviaNfcePR.ConsultarNfce() na E:\dev\MICROS BRAZIL\FI\IFCFiscal.Micros\RES\SAT-Cf-e 3700\SRC\SAT 5\SAT 4\NFCE-SAT\EnviaSeFaz\EnviaNFCePR.cs:linha 256
12/05/2015 19:33:12 :   em EnviaSeFaz.EnviaNfcePR.ConsultarNfce() na E:\dev\MICROS BRAZIL\FI\IFCFiscal.Micros\RES\SAT-Cf-e 3700\SRC\SAT 5\SAT 4\NFCE-SAT\EnviaSeFaz\EnviaNFCePR.cs:linha 256
12/05/2015 19:33:13 :   em EnviaSeFaz.EnviaNfcePR.ConsultarNfce() na E:\dev\MICROS BRAZIL\FI\IFCFiscal.Micros\RES\SAT-Cf-e 3700\SRC\SAT 5\SAT 4\NFCE-SAT\EnviaSeFaz\EnviaNFCePR.cs:linha 256
12/05/2015 19:33:14 :   em EnviaSeFaz.EnviaNfcePR.ConsultarNfce() na E:\dev\MICROS BRAZIL\FI\IFCFiscal.Micros\RES\SAT-Cf-e 3700\SRC\SAT 5\SAT 4\NFCE-SAT\EnviaSeFaz\EnviaNFCePR.cs:linha 256
12/05/2015 19:33:18 :   em EnviaSeFaz.EnviaNfcePR.ConsultarNfce() na E:\dev\MICROS BRAZIL\FI\IFCFiscal.Micros\RES\SAT-Cf-e 3700\SRC\SAT 5\SAT 4\NFCE-SAT\EnviaSeFaz\EnviaNFCePR.cs:linha 256
12/05/2015 19:33:18 :   em EnviaSeFaz.EnviaNfcePR.ConsultarNfce() na E:\dev\MICROS BRAZIL\FI\IFCFiscal.Micros\RES\SAT-Cf-e 3700\SRC\SAT 5\SAT 4\NFCE-SAT\EnviaSeFaz\EnviaNFCePR.cs:linha 256
12/05/2015 19:33:20 :   em EnviaSeFaz.EnviaNfcePR.ConsultarNfce() na E:\dev\MICROS BRAZIL\FI\IFCFiscal.Micros\RES\SAT-Cf-e 3700\SRC\SAT 5\SAT 4\NFCE-SAT\EnviaSeFaz\EnviaNFCePR.cs:linha 256
12/05/2015 19:33:23 :   em EnviaSeFaz.EnviaNfcePR.ConsultarNfce() na E:\dev\MICROS BRAZIL\FI\IFCFiscal.Micros\RES\SAT-Cf-e 3700\SRC\SAT 5\SAT 4\NFCE-SAT\EnviaSeFaz\EnviaNFCePR.cs:linha 256
12/05/2015 19:33:25 :   em EnviaSeFaz.EnviaNfcePR.ConsultarNfce() na E:\dev\MICROS BRAZIL\FI\IFCFiscal.Micros\RES\SAT-Cf-e 3700\SRC\SAT 5\SAT 4\NFCE-SAT\EnviaSeFaz\EnviaNFCePR.cs:linha 256
12/05/2015 19:33:26 :   em EnviaSeFaz.EnviaNfcePR.ConsultarNfce() na E:\dev\MICROS BRAZIL\FI\IFCFiscal.Micros\RES\SAT-Cf-e 3700\SRC\SAT 5\SAT 4\NFCE-SAT\EnviaSeFaz\EnviaNFCePR.cs:linha 256
12/05/2015 19:33:29 :   em EnviaSeFaz.EnviaNfcePR.ConsultarNfce() na E:\dev\MICROS BRAZIL\FI\IFCFiscal.Micros\RES\SAT-Cf-e 3700\SRC\SAT 5\SAT 4\NFCE-SAT\EnviaSeFaz\EnviaNFCePR.cs:linha 256
12/05/2015 19:33:30 :   em EnviaSeFaz.EnviaNfcePR.ConsultarNfce() na E:\dev\MICROS BRAZIL\FI\IFCFiscal.Micros\RES\SAT-Cf-e 3700\SRC\SAT 5\SAT 4\NFCE-SAT\EnviaSeFaz\EnviaNFCePR.cs:linha 256
12/05/2015 19:33:30 :   em EnviaSeFaz.EnviaNfcePR.ConsultarNfce() na E:\dev\MICROS BRAZIL\FI\IFCFiscal.Micros\RES\SAT-Cf-e 3700\SRC\SAT 5\SAT 4\NFCE-SAT\EnviaSeFaz\EnviaNFCePR.cs:linha 256
12/05/2015 19:33:35 :   em EnviaSeFaz.EnviaNfcePR.ConsultarNfce() na E:\dev\MICROS BRAZIL\FI\IFCFiscal.Micros\RES\SAT-Cf-e 3700\SRC\SAT 5\SAT 4\NFCE-SAT\EnviaSeFaz\EnviaNFCePR.cs:linha 256
12/05/2015 19:33:35 :   em EnviaSeFaz.EnviaNfcePR.ConsultarNfce() na E:\dev\MICROS BRAZIL\FI\IFCFiscal.Micros\RES\SAT-Cf-e 3700\SRC\SAT 5\SAT 4\NFCE-SAT\EnviaSeFaz\EnviaNFCePR.cs:linha 256
12/05/2015 19:33:36 :   em EnviaSeFaz.EnviaNfcePR.ConsultarNfce() na E:\dev\MICROS BRAZIL\FI\IFCFiscal.Micros\RES\SAT-Cf-e 3700\SRC\SAT 5\SAT 4\NFCE-SAT\EnviaSeFaz\EnviaNFCePR.cs:linha 256
12/05/2015 19:33:38 :   em EnviaSeFaz.EnviaNfcePR.ConsultarNfce() na E:\dev\MICROS BRAZIL\FI\IFCFiscal.Micros\RES\SAT-Cf-e 3700\SRC\SAT 5\SAT 4\NFCE-SAT\EnviaSeFaz\EnviaNFCePR.cs:linha 256
12/05/2015 19:33:39 :   em EnviaSeFaz.EnviaNfcePR.ConsultarNfce() na E:\dev\MICROS BRAZIL\FI\IFCFiscal.Micros\RES\SAT-Cf-e 3700\SRC\SAT 5\SAT 4\NFCE-SAT\EnviaSeFaz\EnviaNFCePR.cs:linha 256
12/05/2015 19:33:40 :   em EnviaSeFaz.EnviaNfcePR.ConsultarNfce() na E:\dev\MICROS BRAZIL\FI\IFCFiscal.Micros\RES\SAT-Cf-e 3700\SRC\SAT 5\SAT 4\NFCE-SAT\EnviaSeFaz\EnviaNFCePR.cs:linha 256
12/05/2015 19:33:41 :   em EnviaSeFaz.EnviaNfcePR.ConsultarNfce() na E:\dev\MICROS BRAZIL\FI\IFCFiscal.Micros\RES\SAT-Cf-e 3700\SRC\SAT 5\SAT 4\NFCE-SAT\EnviaSeFaz\EnviaNFCePR.cs:linha 256
12/05/2015 19:33:42 :   em EnviaSeFaz.EnviaNfcePR.ConsultarNfce() na E:\dev\MICROS BRAZIL\FI\IFCFiscal.Micros\RES\SAT-Cf-e 3700\SRC\SAT 5\SAT 4\NFCE-SAT\EnviaSeFaz\EnviaNFCePR.cs:linha 256
12/05/2015 19:33:43 :   em EnviaSeFaz.EnviaNfcePR.ConsultarNfce() na E:\dev\MICROS BRAZIL\FI\IFCFiscal.Micros\RES\SAT-Cf-e 3700\SRC\SAT 5\SAT 4\NFCE-SAT\EnviaSeFaz\EnviaNFCePR.cs:linha 256
12/05/2015 19:33:44 :   em EnviaSeFaz.EnviaNfcePR.ConsultarNfce() na E:\dev\MICROS BRAZIL\FI\IFCFiscal.Micros\RES\SAT-Cf-e 3700\SRC\SAT 5\SAT 4\NFCE-SAT\EnviaSeFaz\EnviaNFCePR.cs:linha 256
12/05/2015 19:33:45 :   em EnviaSeFaz.EnviaNfcePR.ConsultarNfce() na E:\dev\MICROS BRAZIL\FI\IFCFiscal.Micros\RES\SAT-Cf-e 3700\SRC\SAT 5\SAT 4\NFCE-SAT\EnviaSeFaz\EnviaNFCePR.cs:linha 256
12/05/2015 19:33:46 :   em EnviaSeFaz.EnviaNfcePR.ConsultarNfce() na E:\dev\MICROS BRAZIL\FI\IFCFiscal.Micros\RES\SAT-Cf-e 3700\SRC\SAT 5\SAT 4\NFCE-SAT\EnviaSeFaz\EnviaNFCePR.cs:linha 256
12/05/2015 19:33:47 :   em EnviaSeFaz.EnviaNfcePR.ConsultarNfce() na E:\dev\MICROS BRAZIL\FI\IFCFiscal.Micros\RES\SAT-Cf-e 3700\SRC\SAT 5\SAT 4\NFCE-SAT\EnviaSeFaz\EnviaNFCePR.cs:linha 256
12/05/2015 19:33:49 :   em EnviaSeFaz.EnviaNfcePR.ConsultarNfce() na E:\dev\MICROS BRAZIL\FI\IFCFiscal.Micros\RES\SAT-Cf-e 3700\SRC\SAT 5\SAT 4\NFCE-SAT\EnviaSeFaz\EnviaNFCePR.cs:linha 256
12/05/2015 19:33:50 :   em EnviaSeFaz.EnviaNfcePR.ConsultarNfce() na E:\dev\MICROS BRAZIL\FI\IFCFiscal.Micros\RES\SAT-Cf-e 3700\SRC\SAT 5\SAT 4\NFCE-SAT\EnviaSeFaz\EnviaNFCePR.cs:linha 256
12/05/2015 19:33:51 :   em EnviaSeFaz.EnviaNfcePR.ConsultarNfce() na E:\dev\MICROS BRAZIL\FI\IFCFiscal.Micros\RES\SAT-Cf-e 3700\SRC\SAT 5\SAT 4\NFCE-SAT\EnviaSeFaz\EnviaNFCePR.cs:linha 256
12/05/2015 19:33:52 :   em EnviaSeFaz.EnviaNfcePR.ConsultarNfce() na E:\dev\MICROS BRAZIL\FI\IFCFiscal.Micros\RES\SAT-Cf-e 3700\SRC\SAT 5\SAT 4\NFCE-SAT\EnviaSeFaz\EnviaNFCePR.cs:linha 256
12/05/2015 19:33:53 :   em EnviaSeFaz.EnviaNfcePR.ConsultarNfce() na E:\dev\MICROS BRAZIL\FI\IFCFiscal.Micros\RES\SAT-Cf-e 3700\SRC\SAT 5\SAT 4\NFCE-SAT\EnviaSeFaz\EnviaNFCePR.cs:linha 256
12/05/2015 19:33:54 :   em EnviaSeFaz.EnviaNfcePR.ConsultarNfce() na E:\dev\MICROS BRAZIL\FI\IFCFiscal.Micros\RES\SAT-Cf-e 3700\SRC\SAT 5\SAT 4\NFCE-SAT\EnviaSeFaz\EnviaNFCePR.cs:linha 256
12/05/2015 19:33:56 :   em EnviaSeFaz.EnviaNfcePR.ConsultarNfce() na E:\dev\MICROS BRAZIL\FI\IFCFiscal.Micros\RES\SAT-Cf-e 3700\SRC\SAT 5\SAT 4\NFCE-SAT\EnviaSeFaz\EnviaNFCePR.cs:linha 256
12/05/2015 19:33:58 :   em EnviaSeFaz.EnviaNfcePR.ConsultarNfce() na E:\dev\MICROS BRAZIL\FI\IFCFiscal.Micros\RES\SAT-Cf-e 3700\SRC\SAT 5\SAT 4\NFCE-SAT\EnviaSeFaz\EnviaNFCePR.cs:linha 256
12/05/2015 19:33:59 :   em EnviaSeFaz.EnviaNfcePR.ConsultarNfce() na E:\dev\MICROS BRAZIL\FI\IFCFiscal.Micros\RES\SAT-Cf-e 3700\SRC\SAT 5\SAT 4\NFCE-SAT\EnviaSeFaz\EnviaNFCePR.cs:linha 256
12/05/2015 19:34:00 :   em EnviaSeFaz.EnviaNfcePR.ConsultarNfce() na E:\dev\MICROS BRAZIL\FI\IFCFiscal.Micros\RES\SAT-Cf-e 3700\SRC\SAT 5\SAT 4\NFCE-SAT\EnviaSeFaz\EnviaNFCePR.cs:linha 256
12/05/2015 19:34:02 :   em EnviaSeFaz.EnviaNfcePR.ConsultarNfce() na E:\dev\MICROS BRAZIL\FI\IFCFiscal.Micros\RES\SAT-Cf-e 3700\SRC\SAT 5\SAT 4\NFCE-SAT\EnviaSeFaz\EnviaNFCePR.cs:linha 256
12/05/2015 19:34:04 :   em EnviaSeFaz.EnviaNfcePR.ConsultarNfce() na E:\dev\MICROS BRAZIL\FI\IFCFiscal.Micros\RES\SAT-Cf-e 3700\SRC\SAT 5\SAT 4\NFCE-SAT\EnviaSeFaz\EnviaNFCePR.cs:linha 256
12/05/2015 19:34:06 :   em EnviaSeFaz.EnviaNfcePR.ConsultarNfce() na E:\dev\MICROS BRAZIL\FI\IFCFiscal.Micros\RES\SAT-Cf-e 3700\SRC\SAT 5\SAT 4\NFCE-SAT\EnviaSeFaz\EnviaNFCePR.cs:linha 256
12/05/2015 19:34:07 :   em EnviaSeFaz.EnviaNfcePR.ConsultarNfce() na E:\dev\MICROS BRAZIL\FI\IFCFiscal.Micros\RES\SAT-Cf-e 3700\SRC\SAT 5\SAT 4\NFCE-SAT\EnviaSeFaz\EnviaNFCePR.cs:linha 256
12/05/2015 19:34:09 :   em EnviaSeFaz.EnviaNfcePR.ConsultarNfce() na E:\dev\MICROS BRAZIL\FI\IFCFiscal.Micros\RES\SAT-Cf-e 3700\SRC\SAT 5\SAT 4\NFCE-SAT\EnviaSeFaz\EnviaNFCePR.cs:linha 256
12/05/2015 19:34:11 :   em EnviaSeFaz.EnviaNfcePR.ConsultarNfce() na E:\dev\MICROS BRAZIL\FI\IFCFiscal.Micros\RES\SAT-Cf-e 3700\SRC\SAT 5\SAT 4\NFCE-SAT\EnviaSeFaz\EnviaNFCePR.cs:linha 256
12/05/2015 19:34:12 :   em EnviaSeFaz.EnviaNfcePR.ConsultarNfce() na E:\dev\MICROS BRAZIL\FI\IFCFiscal.Micros\RES\SAT-Cf-e 3700\SRC\SAT 5\SAT 4\NFCE-SAT\EnviaSeFaz\EnviaNFCePR.cs:linha 256
12/05/2015 19:34:12 :   em EnviaSeFaz.EnviaNfcePR.ConsultarNfce() na E:\dev\MICROS BRAZIL\FI\IFCFiscal.Micros\RES\SAT-Cf-e 3700\SRC\SAT 5\SAT 4\NFCE-SAT\EnviaSeFaz\EnviaNFCePR.cs:linha 256
12/05/2015 19:34:15 :   em EnviaSeFaz.EnviaNfcePR.ConsultarNfce() na E:\dev\MICROS BRAZIL\FI\IFCFiscal.Micros\RES\SAT-Cf-e 3700\SRC\SAT 5\SAT 4\NFCE-SAT\EnviaSeFaz\EnviaNFCePR.cs:linha 256
12/05/2015 19:34:16 :   em EnviaSeFaz.EnviaNfcePR.ConsultarNfce() na E:\dev\MICROS BRAZIL\FI\IFCFiscal.Micros\RES\SAT-Cf-e 3700\SRC\SAT 5\SAT 4\NFCE-SAT\EnviaSeFaz\EnviaNFCePR.cs:linha 256
12/05/2015 19:34:17 :   em EnviaSeFaz.EnviaNfcePR.ConsultarNfce() na E:\dev\MICROS BRAZIL\FI\IFCFiscal.Micros\RES\SAT-Cf-e 3700\SRC\SAT 5\SAT 4\NFCE-SAT\EnviaSeFaz\EnviaNFCePR.cs:linha 256
12/05/2015 19:34:20 :   em EnviaSeFaz.EnviaNfcePR.ConsultarNfce() na E:\dev\MICROS BRAZIL\FI\IFCFiscal.Micros\RES\SAT-Cf-e 3700\SRC\SAT 5\SAT 4\NFCE-SAT\EnviaSeFaz\EnviaNFCePR.cs:linha 256
12/05/2015 19:34:22 :   em EnviaSeFaz.EnviaNfcePR.ConsultarNfce() na E:\dev\MICROS BRAZIL\FI\IFCFiscal.Micros\RES\SAT-Cf-e 3700\SRC\SAT 5\SAT 4\NFCE-SAT\EnviaSeFaz\EnviaNFCePR.cs:linha 256
12/05/2015 19:34:23 :   em EnviaSeFaz.EnviaNfcePR.ConsultarNfce() na E:\dev\MICROS BRAZIL\FI\IFCFiscal.Micros\RES\SAT-Cf-e 3700\SRC\SAT 5\SAT 4\NFCE-SAT\EnviaSeFaz\EnviaNFCePR.cs:linha 256
12/05/2015 19:34:24 :   em EnviaSeFaz.EnviaNfcePR.ConsultarNfce() na E:\dev\MICROS BRAZIL\FI\IFCFiscal.Micros\RES\SAT-Cf-e 3700\SRC\SAT 5\SAT 4\NFCE-SAT\EnviaSeFaz\EnviaNFCePR.cs:linha 256
12/05/2015 19:34:25 :   em EnviaSeFaz.EnviaNfcePR.ConsultarNfce() na E:\dev\MICROS BRAZIL\FI\IFCFiscal.Micros\RES\SAT-Cf-e 3700\SRC\SAT 5\SAT 4\NFCE-SAT\EnviaSeFaz\EnviaNFCePR.cs:linha 256
12/05/2015 19:34:27 :   em EnviaSeFaz.EnviaNfcePR.ConsultarNfce() na E:\dev\MICROS BRAZIL\FI\IFCFiscal.Micros\RES\SAT-Cf-e 3700\SRC\SAT 5\SAT 4\NFCE-SAT\EnviaSeFaz\EnviaNFCePR.cs:linha 256
12/05/2015 19:34:29 :   em EnviaSeFaz.EnviaNfcePR.ConsultarNfce() na E:\dev\MICROS BRAZIL\FI\IFCFiscal.Micros\RES\SAT-Cf-e 3700\SRC\SAT 5\SAT 4\NFCE-SAT\EnviaSeFaz\EnviaNFCePR.cs:linha 256
12/05/2015 19:34:31 :   em EnviaSeFaz.EnviaNfcePR.ConsultarNfce() na E:\dev\MICROS BRAZIL\FI\IFCFiscal.Micros\RES\SAT-Cf-e 3700\SRC\SAT 5\SAT 4\NFCE-SAT\EnviaSeFaz\EnviaNFCePR.cs:linha 256
12/05/2015 19:34:31 :   em EnviaSeFaz.EnviaNfcePR.ConsultarNfce() na E:\dev\MICROS BRAZIL\FI\IFCFiscal.Micros\RES\SAT-Cf-e 3700\SRC\SAT 5\SAT 4\NFCE-SAT\EnviaSeFaz\EnviaNFCePR.cs:linha 256
12/05/2015 19:34:34 :   em EnviaSeFaz.EnviaNfcePR.ConsultarNfce() na E:\dev\MICROS BRAZIL\FI\IFCFiscal.Micros\RES\SAT-Cf-e 3700\SRC\SAT 5\SAT 4\NFCE-SAT\EnviaSeFaz\EnviaNFCePR.cs:linha 256
12/05/2015 19:34:34 :   em EnviaSeFaz.EnviaNfcePR.ConsultarNfce() na E:\dev\MICROS BRAZIL\FI\IFCFiscal.Micros\RES\SAT-Cf-e 3700\SRC\SAT 5\SAT 4\NFCE-SAT\EnviaSeFaz\EnviaNFCePR.cs:linha 256
12/05/2015 19:34:36 :   em EnviaSeFaz.EnviaNfcePR.ConsultarNfce() na E:\dev\MICROS BRAZIL\FI\IFCFiscal.Micros\RES\SAT-Cf-e 3700\SRC\SAT 5\SAT 4\NFCE-SAT\EnviaSeFaz\EnviaNFCePR.cs:linha 256
12/05/2015 19:34:37 :   em EnviaSeFaz.EnviaNfcePR.ConsultarNfce() na E:\dev\MICROS BRAZIL\FI\IFCFiscal.Micros\RES\SAT-Cf-e 3700\SRC\SAT 5\SAT 4\NFCE-SAT\EnviaSeFaz\EnviaNFCePR.cs:linha 256
12/05/2015 19:34:39 :   em EnviaSeFaz.EnviaNfcePR.ConsultarNfce() na E:\dev\MICROS BRAZIL\FI\IFCFiscal.Micros\RES\SAT-Cf-e 3700\SRC\SAT 5\SAT 4\NFCE-SAT\EnviaSeFaz\EnviaNFCePR.cs:linha 256
12/05/2015 19:34:41 :   em EnviaSeFaz.EnviaNfcePR.ConsultarNfce() na E:\dev\MICROS BRAZIL\FI\IFCFiscal.Micros\RES\SAT-Cf-e 3700\SRC\SAT 5\SAT 4\NFCE-SAT\EnviaSeFaz\EnviaNFCePR.cs:linha 256
12/05/2015 19:34:42 :   em EnviaSeFaz.EnviaNfcePR.ConsultarNfce() na E:\dev\MICROS BRAZIL\FI\IFCFiscal.Micros\RES\SAT-Cf-e 3700\SRC\SAT 5\SAT 4\NFCE-SAT\EnviaSeFaz\EnviaNFCePR.cs:linha 256
12/05/2015 19:34:43 :   em EnviaSeFaz.EnviaNfcePR.ConsultarNfce() na E:\dev\MICROS BRAZIL\FI\IFCFiscal.Micros\RES\SAT-Cf-e 3700\SRC\SAT 5\SAT 4\NFCE-SAT\EnviaSeFaz\EnviaNFCePR.cs:linha 256
12/05/2015 19:34:44 :   em EnviaSeFaz.EnviaNfcePR.ConsultarNfce() na E:\dev\MICROS BRAZIL\FI\IFCFiscal.Micros\RES\SAT-Cf-e 3700\SRC\SAT 5\SAT 4\NFCE-SAT\EnviaSeFaz\EnviaNFCePR.cs:linha 256
12/05/2015 19:34:47 :   em EnviaSeFaz.EnviaNfcePR.ConsultarNfce() na E:\dev\MICROS BRAZIL\FI\IFCFiscal.Micros\RES\SAT-Cf-e 3700\SRC\SAT 5\SAT 4\NFCE-SAT\EnviaSeFaz\EnviaNFCePR.cs:linha 256
12/05/2015 19:34:48 :   em EnviaSeFaz.EnviaNfcePR.ConsultarNfce() na E:\dev\MICROS BRAZIL\FI\IFCFiscal.Micros\RES\SAT-Cf-e 3700\SRC\SAT 5\SAT 4\NFCE-SAT\EnviaSeFaz\EnviaNFCePR.cs:linha 256
12/05/2015 19:34:49 :   em EnviaSeFaz.EnviaNfcePR.ConsultarNfce() na E:\dev\MICROS BRAZIL\FI\IFCFiscal.Micros\RES\SAT-Cf-e 3700\SRC\SAT 5\SAT 4\NFCE-SAT\EnviaSeFaz\EnviaNFCePR.cs:linha 256
12/05/2015 19:34:52 :   em EnviaSeFaz.EnviaNfcePR.ConsultarNfce() na E:\dev\MICROS BRAZIL\FI\IFCFiscal.Micros\RES\SAT-Cf-e 3700\SRC\SAT 5\SAT 4\NFCE-SAT\EnviaSeFaz\EnviaNFCePR.cs:linha 256
12/05/2015 19:34:53 :   em EnviaSeFaz.EnviaNfcePR.ConsultarNfce() na E:\dev\MICROS BRAZIL\FI\IFCFiscal.Micros\RES\SAT-Cf-e 3700\SRC\SAT 5\SAT 4\NFCE-SAT\EnviaSeFaz\EnviaNFCePR.cs:linha 256
12/05/2015 19:34:54 :   em EnviaSeFaz.EnviaNfcePR.ConsultarNfce() na E:\dev\MICROS BRAZIL\FI\IFCFiscal.Micros\RES\SAT-Cf-e 3700\SRC\SAT 5\SAT 4\NFCE-SAT\EnviaSeFaz\EnviaNFCePR.cs:linha 256
12/05/2015 19:34:55 :   em EnviaSeFaz.EnviaNfcePR.ConsultarNfce() na E:\dev\MICROS BRAZIL\FI\IFCFiscal.Micros\RES\SAT-Cf-e 3700\SRC\SAT 5\SAT 4\NFCE-SAT\EnviaSeFaz\EnviaNFCePR.cs:linha 256
12/05/2015 19:34:56 :   em EnviaSeFaz.EnviaNfcePR.ConsultarNfce() na E:\dev\MICROS BRAZIL\FI\IFCFiscal.Micros\RES\SAT-Cf-e 3700\SRC\SAT 5\SAT 4\NFCE-SAT\EnviaSeFaz\EnviaNFCePR.cs:linha 256
12/05/2015 19:34:59 :   em EnviaSeFaz.EnviaNfcePR.ConsultarNfce() na E:\dev\MICROS BRAZIL\FI\IFCFiscal.Micros\RES\SAT-Cf-e 3700\SRC\SAT 5\SAT 4\NFCE-SAT\EnviaSeFaz\EnviaNFCePR.cs:linha 256
12/05/2015 19:34:59 :   em EnviaSeFaz.EnviaNfcePR.ConsultarNfce() na E:\dev\MICROS BRAZIL\FI\IFCFiscal.Micros\RES\SAT-Cf-e 3700\SRC\SAT 5\SAT 4\NFCE-SAT\EnviaSeFaz\EnviaNFCePR.cs:linha 256
12/05/2015 19:35:01 :   em EnviaSeFaz.EnviaNfcePR.ConsultarNfce() na E:\dev\MICROS BRAZIL\FI\IFCFiscal.Micros\RES\SAT-Cf-e 3700\SRC\SAT 5\SAT 4\NFCE-SAT\EnviaSeFaz\EnviaNFCePR.cs:linha 256
12/05/2015 19:35:02 :   em EnviaSeFaz.EnviaNfcePR.envia() na E:\dev\MICROS BRAZIL\FI\IFCFiscal.Micros\RES\SAT-Cf-e 3700\SRC\SAT 5\SAT 4\NFCE-SAT\EnviaSeFaz\EnviaNFCePR.cs:linha 165
12/05/2015 19:35:02 :   em EnviaSeFaz.EnviaNfcePR.ConsultarNfce() na E:\dev\MICROS BRAZIL\FI\IFCFiscal.Micros\RES\SAT-Cf-e 3700\SRC\SAT 5\SAT 4\NFCE-SAT\EnviaSeFaz\EnviaNFCePR.cs:linha 256
12/05/2015 19:35:03 :   em EnviaSeFaz.EnviaNfcePR.ConsultarNfce() na E:\dev\MICROS BRAZIL\FI\IFCFiscal.Micros\RES\SAT-Cf-e 3700\SRC\SAT 5\SAT 4\NFCE-SAT\EnviaSeFaz\EnviaNFCePR.cs:linha 256
12/05/2015 19:35:05 :   em EnviaSeFaz.EnviaNfcePR.ConsultarNfce() na E:\dev\MICROS BRAZIL\FI\IFCFiscal.Micros\RES\SAT-Cf-e 3700\SRC\SAT 5\SAT 4\NFCE-SAT\EnviaSeFaz\EnviaNFCePR.cs:linha 256
12/05/2015 19:35:05 :   em EnviaSeFaz.EnviaNfcePR.ConsultarNfce() na E:\dev\MICROS BRAZIL\FI\IFCFiscal.Micros\RES\SAT-Cf-e 3700\SRC\SAT 5\SAT 4\NFCE-SAT\EnviaSeFaz\EnviaNFCePR.cs:linha 256
12/05/2015 19:35:08 :   em EnviaSeFaz.EnviaNfcePR.ConsultarNfce() na E:\dev\MICROS BRAZIL\FI\IFCFiscal.Micros\RES\SAT-Cf-e 3700\SRC\SAT 5\SAT 4\NFCE-SAT\EnviaSeFaz\EnviaNFCePR.cs:linha 256
12/05/2015 19:35:09 :   em EnviaSeFaz.EnviaNfcePR.ConsultarNfce() na E:\dev\MICROS BRAZIL\FI\IFCFiscal.Micros\RES\SAT-Cf-e 3700\SRC\SAT 5\SAT 4\NFCE-SAT\EnviaSeFaz\EnviaNFCePR.cs:linha 256
12/05/2015 19:35:12 :   em EnviaSeFaz.EnviaNfcePR.ConsultarNfce() na E:\dev\MICROS BRAZIL\FI\IFCFiscal.Micros\RES\SAT-Cf-e 3700\SRC\SAT 5\SAT 4\NFCE-SAT\EnviaSeFaz\EnviaNFCePR.cs:linha 256
12/05/2015 19:35:14 :   em EnviaSeFaz.EnviaNfcePR.ConsultarNfce() na E:\dev\MICROS BRAZIL\FI\IFCFiscal.Micros\RES\SAT-Cf-e 3700\SRC\SAT 5\SAT 4\NFCE-SAT\EnviaSeFaz\EnviaNFCePR.cs:linha 256
12/05/2015 19:35:18 :   em EnviaSeFaz.EnviaNfcePR.ConsultarNfce() na E:\dev\MICROS BRAZIL\FI\IFCFiscal.Micros\RES\SAT-Cf-e 3700\SRC\SAT 5\SAT 4\NFCE-SAT\EnviaSeFaz\EnviaNFCePR.cs:linha 256
12/05/2015 19:35:18 :   em EnviaSeFaz.EnviaNfcePR.ConsultarNfce() na E:\dev\MICROS BRAZIL\FI\IFCFiscal.Micros\RES\SAT-Cf-e 3700\SRC\SAT 5\SAT 4\NFCE-SAT\EnviaSeFaz\EnviaNFCePR.cs:linha 256
12/05/2015 19:35:21 :   em EnviaSeFaz.EnviaNfcePR.ConsultarNfce() na E:\dev\MICROS BRAZIL\FI\IFCFiscal.Micros\RES\SAT-Cf-e 3700\SRC\SAT 5\SAT 4\NFCE-SAT\EnviaSeFaz\EnviaNFCePR.cs:linha 256
12/05/2015 19:35:21 :   em EnviaSeFaz.EnviaNfcePR.ConsultarNfce() na E:\dev\MICROS BRAZIL\FI\IFCFiscal.Micros\RES\SAT-Cf-e 3700\SRC\SAT 5\SAT 4\NFCE-SAT\EnviaSeFaz\EnviaNFCePR.cs:linha 256
12/05/2015 19:35:24 :   em EnviaSeFaz.EnviaNfcePR.ConsultarNfce() na E:\dev\MICROS BRAZIL\FI\IFCFiscal.Micros\RES\SAT-Cf-e 3700\SRC\SAT 5\SAT 4\NFCE-SAT\EnviaSeFaz\EnviaNFCePR.cs:linha 256
12/05/2015 19:35:25 :   em EnviaSeFaz.EnviaNfcePR.ConsultarNfce() na E:\dev\MICROS BRAZIL\FI\IFCFiscal.Micros\RES\SAT-Cf-e 3700\SRC\SAT 5\SAT 4\NFCE-SAT\EnviaSeFaz\EnviaNFCePR.cs:linha 256
12/05/2015 19:35:27 :   em EnviaSeFaz.EnviaNfcePR.ConsultarNfce() na E:\dev\MICROS BRAZIL\FI\IFCFiscal.Micros\RES\SAT-Cf-e 3700\SRC\SAT 5\SAT 4\NFCE-SAT\EnviaSeFaz\EnviaNFCePR.cs:linha 256
12/05/2015 19:35:28 :   em EnviaSeFaz.EnviaNfcePR.ConsultarNfce() na E:\dev\MICROS BRAZIL\FI\IFCFiscal.Micros\RES\SAT-Cf-e 3700\SRC\SAT 5\SAT 4\NFCE-SAT\EnviaSeFaz\EnviaNFCePR.cs:linha 256
12/05/2015 19:35:31 :   em EnviaSeFaz.EnviaNfcePR.ConsultarNfce() na E:\dev\MICROS BRAZIL\FI\IFCFiscal.Micros\RES\SAT-Cf-e 3700\SRC\SAT 5\SAT 4\NFCE-SAT\EnviaSeFaz\EnviaNFCePR.cs:linha 256
12/05/2015 19:35:31 :   em EnviaSeFaz.EnviaNfcePR.ConsultarNfce() na E:\dev\MICROS BRAZIL\FI\IFCFiscal.Micros\RES\SAT-Cf-e 3700\SRC\SAT 5\SAT 4\NFCE-SAT\EnviaSeFaz\EnviaNFCePR.cs:linha 256
12/05/2015 19:35:33 :   em EnviaSeFaz.EnviaNfcePR.ConsultarNfce() na E:\dev\MICROS BRAZIL\FI\IFCFiscal.Micros\RES\SAT-Cf-e 3700\SRC\SAT 5\SAT 4\NFCE-SAT\EnviaSeFaz\EnviaNFCePR.cs:linha 256
12/05/2015 19:35:35 :   em EnviaSeFaz.EnviaNfcePR.ConsultarNfce() na E:\dev\MICROS BRAZIL\FI\IFCFiscal.Micros\RES\SAT-Cf-e 3700\SRC\SAT 5\SAT 4\NFCE-SAT\EnviaSeFaz\EnviaNFCePR.cs:linha 256
12/05/2015 19:35:38 :   em EnviaSeFaz.EnviaNfcePR.ConsultarNfce() na E:\dev\MICROS BRAZIL\FI\IFCFiscal.Micros\RES\SAT-Cf-e 3700\SRC\SAT 5\SAT 4\NFCE-SAT\EnviaSeFaz\EnviaNFCePR.cs:linha 256
12/05/2015 19:35:39 :   em EnviaSeFaz.EnviaNfcePR.ConsultarNfce() na E:\dev\MICROS BRAZIL\FI\IFCFiscal.Micros\RES\SAT-Cf-e 3700\SRC\SAT 5\SAT 4\NFCE-SAT\EnviaSeFaz\EnviaNFCePR.cs:linha 256
12/05/2015 19:35:40 :   em EnviaSeFaz.EnviaNfcePR.ConsultarNfce() na E:\dev\MICROS BRAZIL\FI\IFCFiscal.Micros\RES\SAT-Cf-e 3700\SRC\SAT 5\SAT 4\NFCE-SAT\EnviaSeFaz\EnviaNFCePR.cs:linha 256
12/05/2015 19:35:41 :   em EnviaSeFaz.EnviaNfcePR.envia() na E:\dev\MICROS BRAZIL\FI\IFCFiscal.Micros\RES\SAT-Cf-e 3700\SRC\SAT 5\SAT 4\NFCE-SAT\EnviaSeFaz\EnviaNFCePR.cs:linha 165
12/05/2015 19:35:41 :   em EnviaSeFaz.EnviaNfcePR.envia() na E:\dev\MICROS BRAZIL\FI\IFCFiscal.Micros\RES\SAT-Cf-e 3700\SRC\SAT 5\SAT 4\NFCE-SAT\EnviaSeFaz\EnviaNFCePR.cs:linha 165
12/05/2015 19:35:42 :   em EnviaSeFaz.EnviaNfcePR.envia() na E:\dev\MICROS BRAZIL\FI\IFCFiscal.Micros\RES\SAT-Cf-e 3700\SRC\SAT 5\SAT 4\NFCE-SAT\EnviaSeFaz\EnviaNFCePR.cs:linha 165
12/05/2015 19:35:42 :   em EnviaSeFaz.EnviaNfcePR.envia() na E:\dev\MICROS BRAZIL\FI\IFCFiscal.Micros\RES\SAT-Cf-e 3700\SRC\SAT 5\SAT 4\NFCE-SAT\EnviaSeFaz\EnviaNFCePR.cs:linha 165
12/05/2015 19:35:42 :   em EnviaSeFaz.EnviaNfcePR.envia() na E:\dev\MICROS BRAZIL\FI\IFCFiscal.Micros\RES\SAT-Cf-e 3700\SRC\SAT 5\SAT 4\NFCE-SAT\EnviaSeFaz\EnviaNFCePR.cs:linha 165
12/05/2015 19:35:43 :   em EnviaSeFaz.EnviaNfcePR.envia() na E:\dev\MICROS BRAZIL\FI\IFCFiscal.Micros\RES\SAT-Cf-e 3700\SRC\SAT 5\SAT 4\NFCE-SAT\EnviaSeFaz\EnviaNFCePR.cs:linha 165
12/05/2015 19:35:43 :   em EnviaSeFaz.EnviaNfcePR.envia() na E:\dev\MICROS BRAZIL\FI\IFCFiscal.Micros\RES\SAT-Cf-e 3700\SRC\SAT 5\SAT 4\NFCE-SAT\EnviaSeFaz\EnviaNFCePR.cs:linha 165
12/05/2015 19:35:43 :   em EnviaSeFaz.EnviaNfcePR.envia() na E:\dev\MICROS BRAZIL\FI\IFCFiscal.Micros\RES\SAT-Cf-e 3700\SRC\SAT 5\SAT 4\NFCE-SAT\EnviaSeFaz\EnviaNFCePR.cs:linha 165
12/05/2015 19:35:43 :   em EnviaSeFaz.EnviaNfcePR.envia() na E:\dev\MICROS BRAZIL\FI\IFCFiscal.Micros\RES\SAT-Cf-e 3700\SRC\SAT 5\SAT 4\NFCE-SAT\EnviaSeFaz\EnviaNFCePR.cs:linha 165
12/05/2015 19:35:44 :   em EnviaSeFaz.EnviaNfcePR.envia() na E:\dev\MICROS BRAZIL\FI\IFCFiscal.Micros\RES\SAT-Cf-e 3700\SRC\SAT 5\SAT 4\NFCE-SAT\EnviaSeFaz\EnviaNFCePR.cs:linha 165
12/05/2015 19:35:44 :   em EnviaSeFaz.EnviaNfcePR.envia() na E:\dev\MICROS BRAZIL\FI\IFCFiscal.Micros\RES\SAT-Cf-e 3700\SRC\SAT 5\SAT 4\NFCE-SAT\EnviaSeFaz\EnviaNFCePR.cs:linha 165
12/05/2015 19:35:44 :   em EnviaSeFaz.EnviaNfcePR.envia() na E:\dev\MICROS BRAZIL\FI\IFCFiscal.Micros\RES\SAT-Cf-e 3700\SRC\SAT 5\SAT 4\NFCE-SAT\EnviaSeFaz\EnviaNFCePR.cs:linha 165
12/05/2015 19:35:45 :   em EnviaSeFaz.EnviaNfcePR.envia() na E:\dev\MICROS BRAZIL\FI\IFCFiscal.Micros\RES\SAT-Cf-e 3700\SRC\SAT 5\SAT 4\NFCE-SAT\EnviaSeFaz\EnviaNFCePR.cs:linha 165
12/05/2015 19:35:45 :   em EnviaSeFaz.EnviaNfcePR.envia() na E:\dev\MICROS BRAZIL\FI\IFCFiscal.Micros\RES\SAT-Cf-e 3700\SRC\SAT 5\SAT 4\NFCE-SAT\EnviaSeFaz\EnviaNFCePR.cs:linha 165
12/05/2015 19:35:46 :   em EnviaSeFaz.EnviaNfcePR.envia() na E:\dev\MICROS BRAZIL\FI\IFCFiscal.Micros\RES\SAT-Cf-e 3700\SRC\SAT 5\SAT 4\NFCE-SAT\EnviaSeFaz\EnviaNFCePR.cs:linha 165
12/05/2015 19:35:46 :   em EnviaSeFaz.EnviaNfcePR.envia() na E:\dev\MICROS BRAZIL\FI\IFCFiscal.Micros\RES\SAT-Cf-e 3700\SRC\SAT 5\SAT 4\NFCE-SAT\EnviaSeFaz\EnviaNFCePR.cs:linha 165
12/05/2015 19:35:46 :   em EnviaSeFaz.EnviaNfcePR.envia() na E:\dev\MICROS BRAZIL\FI\IFCFiscal.Micros\RES\SAT-Cf-e 3700\SRC\SAT 5\SAT 4\NFCE-SAT\EnviaSeFaz\EnviaNFCePR.cs:linha 165
12/05/2015 19:35:47 :   em EnviaSeFaz.EnviaNfcePR.envia() na E:\dev\MICROS BRAZIL\FI\IFCFiscal.Micros\RES\SAT-Cf-e 3700\SRC\SAT 5\SAT 4\NFCE-SAT\EnviaSeFaz\EnviaNFCePR.cs:linha 165
12/05/2015 19:35:47 :   em EnviaSeFaz.EnviaNfcePR.envia() na E:\dev\MICROS BRAZIL\FI\IFCFiscal.Micros\RES\SAT-Cf-e 3700\SRC\SAT 5\SAT 4\NFCE-SAT\EnviaSeFaz\EnviaNFCePR.cs:linha 165
12/05/2015 19:35:47 :   em EnviaSeFaz.EnviaNfcePR.envia() na E:\dev\MICROS BRAZIL\FI\IFCFiscal.Micros\RES\SAT-Cf-e 3700\SRC\SAT 5\SAT 4\NFCE-SAT\EnviaSeFaz\EnviaNFCePR.cs:linha 165
12/05/2015 19:35:48 :   em EnviaSeFaz.EnviaNfcePR.envia() na E:\dev\MICROS BRAZIL\FI\IFCFiscal.Micros\RES\SAT-Cf-e 3700\SRC\SAT 5\SAT 4\NFCE-SAT\EnviaSeFaz\EnviaNFCePR.cs:linha 165
12/05/2015 19:35:48 :   em EnviaSeFaz.EnviaNfcePR.envia() na E:\dev\MICROS BRAZIL\FI\IFCFiscal.Micros\RES\SAT-Cf-e 3700\SRC\SAT 5\SAT 4\NFCE-SAT\EnviaSeFaz\EnviaNFCePR.cs:linha 165
12/05/2015 19:35:48 :   em EnviaSeFaz.EnviaNfcePR.envia() na E:\dev\MICROS BRAZIL\FI\IFCFiscal.Micros\RES\SAT-Cf-e 3700\SRC\SAT 5\SAT 4\NFCE-SAT\EnviaSeFaz\EnviaNFCePR.cs:linha 165
12/05/2015 19:35:49 :   em EnviaSeFaz.EnviaNfcePR.envia() na E:\dev\MICROS BRAZIL\FI\IFCFiscal.Micros\RES\SAT-Cf-e 3700\SRC\SAT 5\SAT 4\NFCE-SAT\EnviaSeFaz\EnviaNFCePR.cs:linha 165
12/05/2015 19:35:49 :   em EnviaSeFaz.EnviaNfcePR.envia() na E:\dev\MICROS BRAZIL\FI\IFCFiscal.Micros\RES\SAT-Cf-e 3700\SRC\SAT 5\SAT 4\NFCE-SAT\EnviaSeFaz\EnviaNFCePR.cs:linha 165
12/05/2015 19:35:50 :   em EnviaSeFaz.EnviaNfcePR.envia() na E:\dev\MICROS BRAZIL\FI\IFCFiscal.Micros\RES\SAT-Cf-e 3700\SRC\SAT 5\SAT 4\NFCE-SAT\EnviaSeFaz\EnviaNFCePR.cs:linha 165
12/05/2015 19:35:50 :   em EnviaSeFaz.EnviaNfcePR.envia() na E:\dev\MICROS BRAZIL\FI\IFCFiscal.Micros\RES\SAT-Cf-e 3700\SRC\SAT 5\SAT 4\NFCE-SAT\EnviaSeFaz\EnviaNFCePR.cs:linha 165
12/05/2015 19:35:50 :   em EnviaSeFaz.EnviaNfcePR.envia() na E:\dev\MICROS BRAZIL\FI\IFCFiscal.Micros\RES\SAT-Cf-e 3700\SRC\SAT 5\SAT 4\NFCE-SAT\EnviaSeFaz\EnviaNFCePR.cs:linha 165
12/05/2015 19:35:50 :   em EnviaSeFaz.EnviaNfcePR.envia() na E:\dev\MICROS BRAZIL\FI\IFCFiscal.Micros\RES\SAT-Cf-e 3700\SRC\SAT 5\SAT 4\NFCE-SAT\EnviaSeFaz\EnviaNFCePR.cs:linha 165
12/05/2015 19:35:51 :   em EnviaSeFaz.EnviaNfcePR.envia() na E:\dev\MICROS BRAZIL\FI\IFCFiscal.Micros\RES\SAT-Cf-e 3700\SRC\SAT 5\SAT 4\NFCE-SAT\EnviaSeFaz\EnviaNFCePR.cs:linha 165
12/05/2015 19:35:51 :   em EnviaSeFaz.EnviaNfcePR.envia() na E:\dev\MICROS BRAZIL\FI\IFCFiscal.Micros\RES\SAT-Cf-e 3700\SRC\SAT 5\SAT 4\NFCE-SAT\EnviaSeFaz\EnviaNFCePR.cs:linha 165
12/05/2015 19:35:52 :   em EnviaSeFaz.EnviaNfcePR.envia() na E:\dev\MICROS BRAZIL\FI\IFCFiscal.Micros\RES\SAT-Cf-e 3700\SRC\SAT 5\SAT 4\NFCE-SAT\EnviaSeFaz\EnviaNFCePR.cs:linha 165
